Log file open, 01/20/20 17:49:10
LogWindows: Failed to load 'aqProf.dll' (GetLastError=126)
LogWindows: File 'aqProf.dll' does not exist
LogWindows: Failed to load 'VtuneApi.dll' (GetLastError=126)
LogWindows: File 'VtuneApi.dll' does not exist
LogWindows: Failed to load 'VtuneApi32e.dll' (GetLastError=126)
LogWindows: File 'VtuneApi32e.dll' does not exist
LogConsoleResponse: Display: Failed to find resolution value strings in scalability ini. Falling back to default.
LogInit: Display: Running engine for game: UE4Project
LogPlatformFile: Not using cached read wrapper
LogTaskGraph: Started task graph with 5 named threads and 11 total threads with 3 sets of task threads.
LogStats: Stats thread started at 0.143844
LogD3D11RHI: Loaded GFSDK_Aftermath_Lib.x64.dll
LogICUInternationalization: ICU TimeZone Detection - Raw Offset: +1:00, Platform Override: ''
LogPluginManager: Mounting plugin Paper2D
LogPluginManager: Mounting plugin AISupport
LogPluginManager: Mounting plugin LightPropagationVolume
LogPluginManager: Mounting plugin ActorLayerUtilities
LogPluginManager: Mounting plugin AnimationSharing
LogPluginManager: Mounting plugin CLionSourceCodeAccess
LogPluginManager: Mounting plugin CodeLiteSourceCodeAccess
LogPluginManager: Mounting plugin GitSourceControl
LogPluginManager: Mounting plugin KDevelopSourceCodeAccess
LogPluginManager: Mounting plugin NullSourceCodeAccess
LogPluginManager: Mounting plugin PerforceSourceControl
LogPluginManager: Mounting plugin PlasticSourceControl
LogPluginManager: Mounting plugin SubversionSourceControl
LogPluginManager: Mounting plugin UObjectPlugin
LogPluginManager: Mounting plugin VisualStudioCodeSourceCodeAccess
LogPluginManager: Mounting plugin VisualStudioSourceCodeAccess
LogPluginManager: Mounting plugin XCodeSourceCodeAccess
LogPluginManager: Mounting plugin AssetManagerEditor
LogPluginManager: Mounting plugin CryptoKeys
LogPluginManager: Mounting plugin CurveEditorTools
LogPluginManager: Mounting plugin DataValidation
LogPluginManager: Mounting plugin FacialAnimation
LogPluginManager: Mounting plugin GameplayTagsEditor
LogPluginManager: Mounting plugin MacGraphicsSwitching
LogPluginManager: Mounting plugin MaterialAnalyzer
LogPluginManager: Mounting plugin MobileLauncherProfileWizard
LogPluginManager: Mounting plugin PluginBrowser
LogPluginManager: Mounting plugin SpeedTreeImporter
LogPluginManager: Mounting plugin DatasmithContent
LogPluginManager: Mounting plugin VariantManagerContent
LogPluginManager: Mounting plugin AlembicImporter
LogPluginManager: Mounting plugin AutomationUtils
LogPluginManager: Mounting plugin BackChannel
LogPluginManager: Mounting plugin CharacterAI
LogPluginManager: Mounting plugin GeometryCache
LogPluginManager: Mounting plugin PlatformCrypto
LogPluginManager: Mounting plugin ProxyLODPlugin
LogPluginManager: Mounting plugin SkeletalReduction
LogPluginManager: Mounting plugin MagicLeap
LogPluginManager: Mounting plugin MagicLeapMedia
LogPluginManager: Mounting plugin MLSDK
LogPluginManager: Mounting plugin AndroidMedia
LogPluginManager: Mounting plugin AvfMedia
LogPluginManager: Mounting plugin ImgMedia
LogPluginManager: Mounting plugin MediaCompositing
LogPluginManager: Mounting plugin MediaPlayerEditor
LogPluginManager: Mounting plugin WebMMedia
LogPluginManager: Mounting plugin WmfMedia
LogPluginManager: Mounting plugin TcpMessaging
LogPluginManager: Mounting plugin UdpMessaging
LogPluginManager: Mounting plugin ActorSequence
LogPluginManager: Mounting plugin LevelSequenceEditor
LogPluginManager: Mounting plugin MatineeToLevelSequence
LogPluginManager: Mounting plugin NetcodeUnitTest
LogPluginManager: Mounting plugin NUTUnrealEngine4
LogPluginManager: Mounting plugin OnlineSubsystemGooglePlay
LogPluginManager: Mounting plugin OnlineSubsystemIOS
LogPluginManager: Mounting plugin OnlineSubsystem
LogPluginManager: Mounting plugin OnlineSubsystemNull
LogPluginManager: Mounting plugin OnlineSubsystemUtils
LogPluginManager: Mounting plugin LauncherChunkInstaller
LogPluginManager: Mounting plugin AndroidDeviceProfileSelector
LogPluginManager: Mounting plugin AndroidMoviePlayer
LogPluginManager: Mounting plugin AndroidPermission
LogPluginManager: Mounting plugin AppleImageUtils
LogPluginManager: Mounting plugin AppleMoviePlayer
LogPluginManager: Mounting plugin ArchVisCharacter
LogPluginManager: Mounting plugin AssetTags
LogPluginManager: Mounting plugin AudioCapture
LogPluginManager: Mounting plugin CableComponent
LogPluginManager: Mounting plugin CustomMeshComponent
LogPluginManager: Mounting plugin EditableMesh
LogPluginManager: Mounting plugin ExampleDeviceProfileSelector
LogPluginManager: Mounting plugin GoogleCloudMessaging
LogPluginManager: Mounting plugin IOSDeviceProfileSelector
LogPluginManager: Mounting plugin LinuxDeviceProfileSelector
LogPluginManager: Mounting plugin LocationServicesBPLibrary
LogPluginManager: Mounting plugin MobilePatchingUtils
LogPluginManager: Mounting plugin OculusVR
LogPluginManager: Mounting plugin PhysXVehicles
LogPluginManager: Mounting plugin PostSplashScreen
LogPluginManager: Mounting plugin ProceduralMeshComponent
LogPluginManager: Mounting plugin RuntimePhysXCooking
LogPluginManager: Mounting plugin SignificanceManager
LogPluginManager: Mounting plugin SteamVR
LogPluginManager: Mounting plugin WebMMoviePlayer
LogPluginManager: Mounting plugin WindowsMoviePlayer
LogPluginManager: Mounting plugin ScreenshotTools
LogInit: Using libcurl 7.55.1-DEV
LogInit:  - built for x86_64-pc-win32
LogInit:  - supports SSL with OpenSSL/1.1.1
LogInit:  - supports HTTP deflate (compression) using libz 1.2.8
LogInit:  - other features:
LogInit:      CURL_VERSION_SSL
LogInit:      CURL_VERSION_LIBZ
LogInit:      CURL_VERSION_IPV6
LogInit:      CURL_VERSION_ASYNCHDNS
LogInit:      CURL_VERSION_LARGEFILE
LogInit:      CURL_VERSION_IDN
LogInit:  CurlRequestOptions (configurable via config and command line):
LogInit:  - bVerifyPeer = true  - Libcurl will verify peer certificate
LogInit:  - bUseHttpProxy = false  - Libcurl will NOT use HTTP proxy
LogInit:  - bDontReuseConnections = false  - Libcurl will reuse connections
LogInit:  - MaxHostConnections = 16  - Libcurl will limit the number of connections to a host
LogInit:  - LocalHostAddr = Default
LogInit:  - BufferSize = 65536
LogOnline: OSS: Creating online subsystem instance for: NULL
LogInit: WinSock: version 1.1 (2.2), MaxSocks=32767, MaxUdp=65467
LogOnline: OSS: TryLoadSubsystemAndSetDefault: Loaded subsystem for module [NULL]
LogInit: Build: ++UE4+Release-4.24-CL-10757647
LogInit: Engine Version: 4.24.1-10757647+++UE4+Release-4.24
LogInit: Compatible Engine Version: 4.24.0-10570792+++UE4+Release-4.24
LogInit: Net CL: 10570792
LogInit: OS: Windows 10 (Release 1903) (), CPU: Intel(R) Core(TM) i7-7500U CPU @ 2.70GHz, GPU: Intel(R) HD Graphics 620
LogInit: Compiled (64-bit): Dec 17 2019 02:08:03
LogInit: Compiled with Visual C++: 19.16.27032.01
LogInit: Build Configuration: Development
LogInit: Branch Name: ++UE4+Release-4.24
LogInit: Command Line: 
LogInit: Base Directory: C:/Program Files/Epic Games/UE_4.24/Engine/Binaries/Win64/
LogInit: Installed Engine Build: 1
LogDevObjectVersion: Number of dev versions registered: 25
LogDevObjectVersion:   Dev-Blueprints (B0D832E4-1F89-4F0D-ACCF-7EB736FD4AA2): 10
LogDevObjectVersion:   Dev-Build (E1C64328-A22C-4D53-A36C-8E866417BD8C): 0
LogDevObjectVersion:   Dev-Core (375EC13C-06E4-48FB-B500-84F0262A717E): 3
LogDevObjectVersion:   Dev-Editor (E4B068ED-F494-42E9-A231-DA0B2E46BB41): 37
LogDevObjectVersion:   Dev-Framework (CFFC743F-43B0-4480-9391-14DF171D2073): 36
LogDevObjectVersion:   Dev-Mobile (B02B49B5-BB20-44E9-A304-32B752E40360): 2
LogDevObjectVersion:   Dev-Networking (A4E4105C-59A1-49B5-A7C5-40C4547EDFEE): 0
LogDevObjectVersion:   Dev-Online (39C831C9-5AE6-47DC-9A44-9C173E1C8E7C): 0
LogDevObjectVersion:   Dev-Physics (78F01B33-EBEA-4F98-B9B4-84EACCB95AA2): 2
LogDevObjectVersion:   Dev-Platform (6631380F-2D4D-43E0-8009-CF276956A95A): 0
LogDevObjectVersion:   Dev-Rendering (12F88B9F-8875-4AFC-A67C-D90C383ABD29): 36
LogDevObjectVersion:   Dev-Sequencer (7B5AE74C-D270-4C10-A958-57980B212A5A): 11
LogDevObjectVersion:   Dev-VR (D7296918-1DD6-4BDD-9DE2-64A83CC13884): 2
LogDevObjectVersion:   Dev-LoadTimes (C2A15278-BFE7-4AFE-6C17-90FF531DF755): 1
LogDevObjectVersion:   Private-Geometry (6EACA3D4-40EC-4CC1-B786-8BED09428FC5): 3
LogDevObjectVersion:   Dev-AnimPhys (29E575DD-E0A3-4627-9D10-D276232CDCEA): 17
LogDevObjectVersion:   Dev-Anim (AF43A65D-7FD3-4947-9873-3E8ED9C1BB05): 2
LogDevObjectVersion:   Dev-ReflectionCapture (6B266CEC-1EC7-4B8F-A30B-E4D90942FC07): 1
LogDevObjectVersion:   Dev-Automation (0DF73D61-A23F-47EA-B727-89E90C41499A): 1
LogDevObjectVersion:   FortniteMain (601D1886-AC64-4F84-AA16-D3DE0DEAC7D6): 31
LogDevObjectVersion:   Dev-Enterprise (9DFFBCD6-494F-0158-E221-12823C92A888): 8
LogDevObjectVersion:   Dev-Niagara (F2AED0AC-9AFE-416F-8664-AA7FFA26D6FC): 1
LogDevObjectVersion:   Dev-Destruction (174F1F0B-B4C6-45A5-B13F-2EE8D0FB917D): 9
LogDevObjectVersion:   Dev-Physics-Ext (35F94A83-E258-406C-A318-09F59610247C): 8
LogDevObjectVersion:   Dev-CineCamera (B2E18506-4273-CFC2-A54E-F4BB758BBA07): 1
LogInit: Presizing for max 25165824 objects, including 0 objects not considered by GC, pre-allocating 0 bytes for permanent pool.
LogInit: Object subsystem initialized
LogConfig: Setting CVar [[con.DebugEarlyDefault:1]]
LogConfig: Setting CVar [[r.setres:1280x720]]
[2020.01.20-16.49.10:347][  0]LogConfig: Setting CVar [[r.VSync:0]]
[2020.01.20-16.49.10:347][  0]LogConfig: Setting CVar [[r.RHICmdBypass:0]]
[2020.01.20-16.49.10:347][  0]LogConfig: Applying CVar settings from Section [/Script/Engine.RendererSettings] File [C:/Unreal Project/UE4Project/Saved/Config/Windows/Engine.ini]
[2020.01.20-16.49.10:347][  0]LogConfig: Setting CVar [[r.GPUCrashDebugging:0]]
[2020.01.20-16.49.10:347][  0]LogConfig: Applying CVar settings from Section [/Script/Engine.RendererOverrideSettings] File [C:/Unreal Project/UE4Project/Saved/Config/Windows/Engine.ini]
[2020.01.20-16.49.10:347][  0]LogConfig: Applying CVar settings from Section [/Script/Engine.StreamingSettings] File [C:/Unreal Project/UE4Project/Saved/Config/Windows/Engine.ini]
[2020.01.20-16.49.10:347][  0]LogConfig: Setting CVar [[s.MinBulkDataSizeForAsyncLoading:131072]]
[2020.01.20-16.49.10:347][  0]LogConfig: Setting CVar [[s.AsyncLoadingThreadEnabled:0]]
[2020.01.20-16.49.10:347][  0]LogConfig: Setting CVar [[s.EventDrivenLoaderEnabled:1]]
[2020.01.20-16.49.10:347][  0]LogConfig: Setting CVar [[s.WarnIfTimeLimitExceeded:0]]
[2020.01.20-16.49.10:347][  0]LogConfig: Setting CVar [[s.TimeLimitExceededMultiplier:1.5]]
[2020.01.20-16.49.10:347][  0]LogConfig: Setting CVar [[s.TimeLimitExceededMinTime:0.005]]
[2020.01.20-16.49.10:347][  0]LogConfig: Setting CVar [[s.UseBackgroundLevelStreaming:1]]
[2020.01.20-16.49.10:347][  0]LogConfig: Setting CVar [[s.PriorityAsyncLoadingExtraTime:15.0]]
[2020.01.20-16.49.10:347][  0]LogConfig: Setting CVar [[s.LevelStreamingActorsUpdateTimeLimit:5.0]]
[2020.01.20-16.49.10:347][  0]LogConfig: Setting CVar [[s.PriorityLevelStreamingActorsUpdateExtraTime:5.0]]
[2020.01.20-16.49.10:347][  0]LogConfig: Setting CVar [[s.LevelStreamingComponentsRegistrationGranularity:10]]
[2020.01.20-16.49.10:347][  0]LogConfig: Setting CVar [[s.UnregisterComponentsTimeLimit:1.0]]
[2020.01.20-16.49.10:347][  0]LogConfig: Setting CVar [[s.LevelStreamingComponentsUnregistrationGranularity:5]]
[2020.01.20-16.49.10:347][  0]LogConfig: Setting CVar [[s.FlushStreamingOnExit:1]]
[2020.01.20-16.49.10:347][  0]LogConfig: Applying CVar settings from Section [/Script/Engine.GarbageCollectionSettings] File [C:/Unreal Project/UE4Project/Saved/Config/Windows/Engine.ini]
[2020.01.20-16.49.10:347][  0]LogConfig: Setting CVar [[gc.MaxObjectsNotConsideredByGC:1]]
[2020.01.20-16.49.10:347][  0]LogConfig: Setting CVar [[gc.SizeOfPermanentObjectPool:0]]
[2020.01.20-16.49.10:347][  0]LogConfig: Setting CVar [[gc.FlushStreamingOnGC:0]]
[2020.01.20-16.49.10:347][  0]LogConfig: Setting CVar [[gc.NumRetriesBeforeForcingGC:10]]
[2020.01.20-16.49.10:347][  0]LogConfig: Setting CVar [[gc.AllowParallelGC:1]]
[2020.01.20-16.49.10:347][  0]LogConfig: Setting CVar [[gc.TimeBetweenPurgingPendingKillObjects:61.1]]
[2020.01.20-16.49.10:347][  0]LogConfig: Setting CVar [[gc.MaxObjectsInEditor:25165824]]
[2020.01.20-16.49.10:347][  0]LogConfig: Setting CVar [[gc.IncrementalBeginDestroyEnabled:1]]
[2020.01.20-16.49.10:347][  0]LogConfig: Setting CVar [[gc.CreateGCClusters:1]]
[2020.01.20-16.49.10:347][  0]LogConfig: Setting CVar [[gc.MinGCClusterSize:5]]
[2020.01.20-16.49.10:347][  0]LogConfig: Setting CVar [[gc.ActorClusteringEnabled:0]]
[2020.01.20-16.49.10:347][  0]LogConfig: Setting CVar [[gc.BlueprintClusteringEnabled:0]]
[2020.01.20-16.49.10:347][  0]LogConfig: Setting CVar [[gc.UseDisregardForGCOnDedicatedServers:0]]
[2020.01.20-16.49.10:348][  0]LogConfig: Applying CVar settings from Section [/Script/Engine.NetworkSettings] File [C:/Unreal Project/UE4Project/Saved/Config/Windows/Engine.ini]
[2020.01.20-16.49.10:348][  0]LogConfig: Applying CVar settings from Section [/Script/UnrealEd.CookerSettings] File [C:/Unreal Project/UE4Project/Saved/Config/Windows/Engine.ini]
[2020.01.20-16.49.10:349][  0]LogConfig: Applying CVar settings from Section [ViewDistanceQuality@3] File [C:/Unreal Project/UE4Project/Saved/Config/Windows/Scalability.ini]
[2020.01.20-16.49.10:350][  0]LogConfig: Setting CVar [[r.SkeletalMeshLODBias:0]]
[2020.01.20-16.49.10:350][  0]LogConfig: Setting CVar [[r.ViewDistanceScale:1.0]]
[2020.01.20-16.49.10:350][  0]LogConfig: Applying CVar settings from Section [AntiAliasingQuality@3] File [C:/Unreal Project/UE4Project/Saved/Config/Windows/Scalability.ini]
[2020.01.20-16.49.10:350][  0]LogConfig: Setting CVar [[r.PostProcessAAQuality:4]]
[2020.01.20-16.49.10:350][  0]LogConfig: Applying CVar settings from Section [ShadowQuality@3] File [C:/Unreal Project/UE4Project/Saved/Config/Windows/Scalability.ini]
[2020.01.20-16.49.10:350][  0]LogConfig: Setting CVar [[r.LightFunctionQuality:1]]
[2020.01.20-16.49.10:350][  0]LogConfig: Setting CVar [[r.ShadowQuality:5]]
[2020.01.20-16.49.10:350][  0]LogConfig: Setting CVar [[r.Shadow.CSM.MaxCascades:10]]
[2020.01.20-16.49.10:350][  0]LogConfig: Setting CVar [[r.Shadow.MaxResolution:2048]]
[2020.01.20-16.49.10:350][  0]LogConfig: Setting CVar [[r.Shadow.MaxCSMResolution:2048]]
[2020.01.20-16.49.10:350][  0]LogConfig: Setting CVar [[r.Shadow.RadiusThreshold:0.01]]
[2020.01.20-16.49.10:350][  0]LogConfig: Setting CVar [[r.Shadow.DistanceScale:1.0]]
[2020.01.20-16.49.10:350][  0]LogConfig: Setting CVar [[r.Shadow.CSM.TransitionScale:1.0]]
[2020.01.20-16.49.10:350][  0]LogConfig: Setting CVar [[r.Shadow.PreShadowResolutionFactor:1.0]]
[2020.01.20-16.49.10:350][  0]LogConfig: Setting CVar [[r.DistanceFieldShadowing:1]]
[2020.01.20-16.49.10:350][  0]LogConfig: Setting CVar [[r.DistanceFieldAO:1]]
[2020.01.20-16.49.10:350][  0]LogConfig: Setting CVar [[r.AOQuality:2]]
[2020.01.20-16.49.10:350][  0]LogConfig: Setting CVar [[r.VolumetricFog:1]]
[2020.01.20-16.49.10:350][  0]LogConfig: Setting CVar [[r.VolumetricFog.GridPixelSize:8]]
[2020.01.20-16.49.10:350][  0]LogConfig: Setting CVar [[r.VolumetricFog.GridSizeZ:128]]
[2020.01.20-16.49.10:350][  0]LogConfig: Setting CVar [[r.VolumetricFog.HistoryMissSupersampleCount:4]]
[2020.01.20-16.49.10:350][  0]LogConfig: Setting CVar [[r.LightMaxDrawDistanceScale:1]]
[2020.01.20-16.49.10:350][  0]LogConfig: Setting CVar [[r.CapsuleShadows:1]]
[2020.01.20-16.49.10:350][  0]LogConfig: Applying CVar settings from Section [PostProcessQuality@3] File [C:/Unreal Project/UE4Project/Saved/Config/Windows/Scalability.ini]
[2020.01.20-16.49.10:350][  0]LogConfig: Setting CVar [[r.MotionBlurQuality:4]]
[2020.01.20-16.49.10:350][  0]LogConfig: Setting CVar [[r.AmbientOcclusionMipLevelFactor:0.4]]
[2020.01.20-16.49.10:350][  0]LogConfig: Setting CVar [[r.AmbientOcclusionMaxQuality:100]]
[2020.01.20-16.49.10:350][  0]LogConfig: Setting CVar [[r.AmbientOcclusionLevels:-1]]
[2020.01.20-16.49.10:350][  0]LogConfig: Setting CVar [[r.AmbientOcclusionRadiusScale:1.0]]
[2020.01.20-16.49.10:350][  0]LogConfig: Setting CVar [[r.DepthOfFieldQuality:2]]
[2020.01.20-16.49.10:350][  0]LogConfig: Setting CVar [[r.RenderTargetPoolMin:400]]
[2020.01.20-16.49.10:350][  0]LogConfig: Setting CVar [[r.LensFlareQuality:2]]
[2020.01.20-16.49.10:350][  0]LogConfig: Setting CVar [[r.SceneColorFringeQuality:1]]
[2020.01.20-16.49.10:350][  0]LogConfig: Setting CVar [[r.EyeAdaptationQuality:2]]
[2020.01.20-16.49.10:350][  0]LogConfig: Setting CVar [[r.BloomQuality:5]]
[2020.01.20-16.49.10:350][  0]LogConfig: Setting CVar [[r.FastBlurThreshold:100]]
[2020.01.20-16.49.10:350][  0]LogConfig: Setting CVar [[r.Upscale.Quality:3]]
[2020.01.20-16.49.10:350][  0]LogConfig: Setting CVar [[r.Tonemapper.GrainQuantization:1]]
[2020.01.20-16.49.10:350][  0]LogConfig: Setting CVar [[r.LightShaftQuality:1]]
[2020.01.20-16.49.10:350][  0]LogConfig: Setting CVar [[r.Filter.SizeScale:1]]
[2020.01.20-16.49.10:350][  0]LogConfig: Setting CVar [[r.Tonemapper.Quality:5]]
[2020.01.20-16.49.10:350][  0]LogConfig: Setting CVar [[r.DOF.Gather.AccumulatorQuality:1        ; higher gathering accumulator quality]]
[2020.01.20-16.49.10:350][  0]LogConfig: Setting CVar [[r.DOF.Gather.PostfilterMethod:1          ; Median3x3 postfilering method]]
[2020.01.20-16.49.10:350][  0]LogConfig: Setting CVar [[r.DOF.Gather.EnableBokehSettings:0       ; no bokeh simulation when gathering]]
[2020.01.20-16.49.10:350][  0]LogConfig: Setting CVar [[r.DOF.Gather.RingCount:4                 ; medium number of samples when gathering]]
[2020.01.20-16.49.10:350][  0]LogConfig: Setting CVar [[r.DOF.Scatter.ForegroundCompositing:1    ; additive foreground scattering]]
[2020.01.20-16.49.10:350][  0]LogConfig: Setting CVar [[r.DOF.Scatter.BackgroundCompositing:2    ; additive background scattering]]
[2020.01.20-16.49.10:350][  0]LogConfig: Setting CVar [[r.DOF.Scatter.EnableBokehSettings:1      ; bokeh simulation when scattering]]
[2020.01.20-16.49.10:350][  0]LogConfig: Setting CVar [[r.DOF.Scatter.MaxSpriteRatio:0.1         ; only a maximum of 10% of scattered bokeh]]
[2020.01.20-16.49.10:350][  0]LogConfig: Setting CVar [[r.DOF.Recombine.Quality:1                ; cheap slight out of focus]]
[2020.01.20-16.49.10:350][  0]LogConfig: Setting CVar [[r.DOF.Recombine.EnableBokehSettings:0    ; no bokeh simulation on slight out of focus]]
[2020.01.20-16.49.10:350][  0]LogConfig: Setting CVar [[r.DOF.TemporalAAQuality:1                ; more stable temporal accumulation]]
[2020.01.20-16.49.10:350][  0]LogConfig: Setting CVar [[r.DOF.Kernel.MaxForegroundRadius:0.025]]
[2020.01.20-16.49.10:350][  0]LogConfig: Setting CVar [[r.DOF.Kernel.MaxBackgroundRadius:0.025]]
[2020.01.20-16.49.10:350][  0]LogConfig: Applying CVar settings from Section [TextureQuality@3] File [C:/Unreal Project/UE4Project/Saved/Config/Windows/Scalability.ini]
[2020.01.20-16.49.10:350][  0]LogConfig: Setting CVar [[r.Streaming.MipBias:0]]
[2020.01.20-16.49.10:350][  0]LogConfig: Setting CVar [[r.Streaming.AmortizeCPUToGPUCopy:0]]
[2020.01.20-16.49.10:350][  0]LogConfig: Setting CVar [[r.Streaming.MaxNumTexturesToStreamPerFrame:0]]
[2020.01.20-16.49.10:350][  0]LogConfig: Setting CVar [[r.Streaming.Boost:1]]
[2020.01.20-16.49.10:350][  0]LogConfig: Setting CVar [[r.MaxAnisotropy:8]]
[2020.01.20-16.49.10:350][  0]LogConfig: Setting CVar [[r.VT.MaxAnisotropy:8]]
[2020.01.20-16.49.10:350][  0]LogConfig: Setting CVar [[r.Streaming.LimitPoolSizeToVRAM:0]]
[2020.01.20-16.49.10:350][  0]LogConfig: Setting CVar [[r.Streaming.PoolSize:1000]]
[2020.01.20-16.49.10:350][  0]LogConfig: Setting CVar [[r.Streaming.MaxEffectiveScreenSize:0]]
[2020.01.20-16.49.10:350][  0]LogConfig: Applying CVar settings from Section [EffectsQuality@3] File [C:/Unreal Project/UE4Project/Saved/Config/Windows/Scalability.ini]
[2020.01.20-16.49.10:350][  0]LogConfig: Setting CVar [[r.TranslucencyLightingVolumeDim:64]]
[2020.01.20-16.49.10:350][  0]LogConfig: Setting CVar [[r.RefractionQuality:2]]
[2020.01.20-16.49.10:350][  0]LogConfig: Setting CVar [[r.SSR.Quality:3]]
[2020.01.20-16.49.10:350][  0]LogConfig: Setting CVar [[r.SSR.HalfResSceneColor:0]]
[2020.01.20-16.49.10:350][  0]LogConfig: Setting CVar [[r.SceneColorFormat:4]]
[2020.01.20-16.49.10:350][  0]LogConfig: Setting CVar [[r.DetailMode:2]]
[2020.01.20-16.49.10:350][  0]LogConfig: Setting CVar [[r.TranslucencyVolumeBlur:1]]
[2020.01.20-16.49.10:350][  0]LogConfig: Setting CVar [[r.MaterialQualityLevel:1 ; High quality]]
[2020.01.20-16.49.10:350][  0]LogConfig: Setting CVar [[r.SSS.Scale:1]]
[2020.01.20-16.49.10:350][  0]LogConfig: Setting CVar [[r.SSS.SampleSet:2]]
[2020.01.20-16.49.10:351][  0]LogConfig: Setting CVar [[r.SSS.Quality:1]]
[2020.01.20-16.49.10:351][  0]LogConfig: Setting CVar [[r.SSS.HalfRes:1]]
[2020.01.20-16.49.10:351][  0]LogConfig: Setting CVar [[r.SSGI.Quality:3]]
[2020.01.20-16.49.10:351][  0]LogConfig: Setting CVar [[r.EmitterSpawnRateScale:1.0]]
[2020.01.20-16.49.10:351][  0]LogConfig: Setting CVar [[r.ParticleLightQuality:2]]
[2020.01.20-16.49.10:351][  0]LogConfig: Setting CVar [[r.SkyAtmosphere.AerialPerspectiveLUT.FastApplyOnOpaque:1 ; Always have FastSkyLUT 1 in this case to avoid wrong sky]]
[2020.01.20-16.49.10:351][  0]LogConfig: Setting CVar [[r.SkyAtmosphere.AerialPerspectiveLUT.SampleCountPerSlice:1]]
[2020.01.20-16.49.10:351][  0]LogConfig: Setting CVar [[r.SkyAtmosphere.AerialPerspectiveLUT.DepthResolution:16.0]]
[2020.01.20-16.49.10:351][  0]LogConfig: Setting CVar [[r.SkyAtmosphere.FastSkyLUT:1]]
[2020.01.20-16.49.10:351][  0]LogConfig: Setting CVar [[r.SkyAtmosphere.FastSkyLUT.SampleCountMin:4.0]]
[2020.01.20-16.49.10:351][  0]LogConfig: Setting CVar [[r.SkyAtmosphere.FastSkyLUT.SampleCountMax:32.0]]
[2020.01.20-16.49.10:351][  0]LogConfig: Setting CVar [[r.SkyAtmosphere.SampleCountMin:4.0]]
[2020.01.20-16.49.10:351][  0]LogConfig: Setting CVar [[r.SkyAtmosphere.SampleCountMax:32.0]]
[2020.01.20-16.49.10:351][  0]LogConfig: Setting CVar [[r.SkyAtmosphere.TransmittanceLUT.UseSmallFormat:0]]
[2020.01.20-16.49.10:351][  0]LogConfig: Setting CVar [[r.SkyAtmosphere.TransmittanceLUT.SampleCount:10.0]]
[2020.01.20-16.49.10:351][  0]LogConfig: Setting CVar [[r.SkyAtmosphere.MultiScatteringLUT.SampleCount:15.0]]
[2020.01.20-16.49.10:351][  0]LogConfig: Applying CVar settings from Section [FoliageQuality@3] File [C:/Unreal Project/UE4Project/Saved/Config/Windows/Scalability.ini]
[2020.01.20-16.49.10:351][  0]LogConfig: Setting CVar [[foliage.DensityScale:1.0]]
[2020.01.20-16.49.10:351][  0]LogConfig: Setting CVar [[grass.DensityScale:1.0]]
[2020.01.20-16.49.10:351][  0]LogConfig: Applying CVar settings from Section [ShadingQuality@3] File [C:/Unreal Project/UE4Project/Saved/Config/Windows/Scalability.ini]
[2020.01.20-16.49.10:351][  0]LogConfig: Setting CVar [[r.HairStrands.SkyLighting.SampleCount:16]]
[2020.01.20-16.49.10:351][  0]LogConfig: Setting CVar [[r.HairStrands.SkyLighting.JitterIntegration:0]]
[2020.01.20-16.49.10:351][  0]LogConfig: Setting CVar [[r.HairStrands.SkyAO.SampleCount:16]]
[2020.01.20-16.49.10:351][  0]LogInit: Selected Device Profile: [Windows]
[2020.01.20-16.49.10:351][  0]LogInit: Applying CVar settings loaded from the selected device profile: [Windows]
[2020.01.20-16.49.10:355][  0]LogHAL: Display: Platform has ~ 16 GB [17059516416 / 17179869184 / 16], which maps to Larger [LargestMinGB=32, LargerMinGB=12, DefaultMinGB=8, SmallerMinGB=6, SmallestMinGB=0)
[2020.01.20-16.49.10:355][  0]LogInit: Going up to parent DeviceProfile []
[2020.01.20-16.49.10:355][  0]LogConfig: Applying CVar settings from Section [ViewDistanceQuality@3] File [C:/Unreal Project/UE4Project/Saved/Config/Windows/Scalability.ini]
[2020.01.20-16.49.10:355][  0]LogConfig: Setting CVar [[r.SkeletalMeshLODBias:0]]
[2020.01.20-16.49.10:355][  0]LogConfig: Setting CVar [[r.ViewDistanceScale:1.0]]
[2020.01.20-16.49.10:355][  0]LogConfig: Applying CVar settings from Section [AntiAliasingQuality@3] File [C:/Unreal Project/UE4Project/Saved/Config/Windows/Scalability.ini]
[2020.01.20-16.49.10:355][  0]LogConfig: Setting CVar [[r.PostProcessAAQuality:4]]
[2020.01.20-16.49.10:355][  0]LogConfig: Applying CVar settings from Section [ShadowQuality@3] File [C:/Unreal Project/UE4Project/Saved/Config/Windows/Scalability.ini]
[2020.01.20-16.49.10:355][  0]LogConfig: Setting CVar [[r.LightFunctionQuality:1]]
[2020.01.20-16.49.10:355][  0]LogConfig: Setting CVar [[r.ShadowQuality:5]]
[2020.01.20-16.49.10:355][  0]LogConfig: Setting CVar [[r.Shadow.CSM.MaxCascades:10]]
[2020.01.20-16.49.10:355][  0]LogConfig: Setting CVar [[r.Shadow.MaxResolution:2048]]
[2020.01.20-16.49.10:355][  0]LogConfig: Setting CVar [[r.Shadow.MaxCSMResolution:2048]]
[2020.01.20-16.49.10:355][  0]LogConfig: Setting CVar [[r.Shadow.RadiusThreshold:0.01]]
[2020.01.20-16.49.10:355][  0]LogConfig: Setting CVar [[r.Shadow.DistanceScale:1.0]]
[2020.01.20-16.49.10:355][  0]LogConfig: Setting CVar [[r.Shadow.CSM.TransitionScale:1.0]]
[2020.01.20-16.49.10:355][  0]LogConfig: Setting CVar [[r.Shadow.PreShadowResolutionFactor:1.0]]
[2020.01.20-16.49.10:355][  0]LogConfig: Setting CVar [[r.DistanceFieldShadowing:1]]
[2020.01.20-16.49.10:355][  0]LogConfig: Setting CVar [[r.DistanceFieldAO:1]]
[2020.01.20-16.49.10:355][  0]LogConfig: Setting CVar [[r.AOQuality:2]]
[2020.01.20-16.49.10:355][  0]LogConfig: Setting CVar [[r.VolumetricFog:1]]
[2020.01.20-16.49.10:356][  0]LogConfig: Setting CVar [[r.VolumetricFog.GridPixelSize:8]]
[2020.01.20-16.49.10:356][  0]LogConfig: Setting CVar [[r.VolumetricFog.GridSizeZ:128]]
[2020.01.20-16.49.10:356][  0]LogConfig: Setting CVar [[r.VolumetricFog.HistoryMissSupersampleCount:4]]
[2020.01.20-16.49.10:356][  0]LogConfig: Setting CVar [[r.LightMaxDrawDistanceScale:1]]
[2020.01.20-16.49.10:356][  0]LogConfig: Setting CVar [[r.CapsuleShadows:1]]
[2020.01.20-16.49.10:356][  0]LogConfig: Applying CVar settings from Section [PostProcessQuality@3] File [C:/Unreal Project/UE4Project/Saved/Config/Windows/Scalability.ini]
[2020.01.20-16.49.10:356][  0]LogConfig: Setting CVar [[r.MotionBlurQuality:4]]
[2020.01.20-16.49.10:356][  0]LogConfig: Setting CVar [[r.AmbientOcclusionMipLevelFactor:0.4]]
[2020.01.20-16.49.10:356][  0]LogConfig: Setting CVar [[r.AmbientOcclusionMaxQuality:100]]
[2020.01.20-16.49.10:356][  0]LogConfig: Setting CVar [[r.AmbientOcclusionLevels:-1]]
[2020.01.20-16.49.10:356][  0]LogConfig: Setting CVar [[r.AmbientOcclusionRadiusScale:1.0]]
[2020.01.20-16.49.10:356][  0]LogConfig: Setting CVar [[r.DepthOfFieldQuality:2]]
[2020.01.20-16.49.10:356][  0]LogConfig: Setting CVar [[r.RenderTargetPoolMin:400]]
[2020.01.20-16.49.10:356][  0]LogConfig: Setting CVar [[r.LensFlareQuality:2]]
[2020.01.20-16.49.10:356][  0]LogConfig: Setting CVar [[r.SceneColorFringeQuality:1]]
[2020.01.20-16.49.10:356][  0]LogConfig: Setting CVar [[r.EyeAdaptationQuality:2]]
[2020.01.20-16.49.10:356][  0]LogConfig: Setting CVar [[r.BloomQuality:5]]
[2020.01.20-16.49.10:356][  0]LogConfig: Setting CVar [[r.FastBlurThreshold:100]]
[2020.01.20-16.49.10:356][  0]LogConfig: Setting CVar [[r.Upscale.Quality:3]]
[2020.01.20-16.49.10:356][  0]LogConfig: Setting CVar [[r.Tonemapper.GrainQuantization:1]]
[2020.01.20-16.49.10:356][  0]LogConfig: Setting CVar [[r.LightShaftQuality:1]]
[2020.01.20-16.49.10:356][  0]LogConfig: Setting CVar [[r.Filter.SizeScale:1]]
[2020.01.20-16.49.10:356][  0]LogConfig: Setting CVar [[r.Tonemapper.Quality:5]]
[2020.01.20-16.49.10:356][  0]LogConfig: Setting CVar [[r.DOF.Gather.AccumulatorQuality:1        ; higher gathering accumulator quality]]
[2020.01.20-16.49.10:356][  0]LogConfig: Setting CVar [[r.DOF.Gather.PostfilterMethod:1          ; Median3x3 postfilering method]]
[2020.01.20-16.49.10:356][  0]LogConfig: Setting CVar [[r.DOF.Gather.EnableBokehSettings:0       ; no bokeh simulation when gathering]]
[2020.01.20-16.49.10:356][  0]LogConfig: Setting CVar [[r.DOF.Gather.RingCount:4                 ; medium number of samples when gathering]]
[2020.01.20-16.49.10:356][  0]LogConfig: Setting CVar [[r.DOF.Scatter.ForegroundCompositing:1    ; additive foreground scattering]]
[2020.01.20-16.49.10:356][  0]LogConfig: Setting CVar [[r.DOF.Scatter.BackgroundCompositing:2    ; additive background scattering]]
[2020.01.20-16.49.10:356][  0]LogConfig: Setting CVar [[r.DOF.Scatter.EnableBokehSettings:1      ; bokeh simulation when scattering]]
[2020.01.20-16.49.10:356][  0]LogConfig: Setting CVar [[r.DOF.Scatter.MaxSpriteRatio:0.1         ; only a maximum of 10% of scattered bokeh]]
[2020.01.20-16.49.10:356][  0]LogConfig: Setting CVar [[r.DOF.Recombine.Quality:1                ; cheap slight out of focus]]
[2020.01.20-16.49.10:356][  0]LogConfig: Setting CVar [[r.DOF.Recombine.EnableBokehSettings:0    ; no bokeh simulation on slight out of focus]]
[2020.01.20-16.49.10:356][  0]LogConfig: Setting CVar [[r.DOF.TemporalAAQuality:1                ; more stable temporal accumulation]]
[2020.01.20-16.49.10:356][  0]LogConfig: Setting CVar [[r.DOF.Kernel.MaxForegroundRadius:0.025]]
[2020.01.20-16.49.10:356][  0]LogConfig: Setting CVar [[r.DOF.Kernel.MaxBackgroundRadius:0.025]]
[2020.01.20-16.49.10:356][  0]LogConfig: Applying CVar settings from Section [TextureQuality@3] File [C:/Unreal Project/UE4Project/Saved/Config/Windows/Scalability.ini]
[2020.01.20-16.49.10:356][  0]LogConfig: Setting CVar [[r.Streaming.MipBias:0]]
[2020.01.20-16.49.10:356][  0]LogConfig: Setting CVar [[r.Streaming.AmortizeCPUToGPUCopy:0]]
[2020.01.20-16.49.10:356][  0]LogConfig: Setting CVar [[r.Streaming.MaxNumTexturesToStreamPerFrame:0]]
[2020.01.20-16.49.10:356][  0]LogConfig: Setting CVar [[r.Streaming.Boost:1]]
[2020.01.20-16.49.10:356][  0]LogConfig: Setting CVar [[r.MaxAnisotropy:8]]
[2020.01.20-16.49.10:356][  0]LogConfig: Setting CVar [[r.VT.MaxAnisotropy:8]]
[2020.01.20-16.49.10:356][  0]LogConfig: Setting CVar [[r.Streaming.LimitPoolSizeToVRAM:0]]
[2020.01.20-16.49.10:356][  0]LogConfig: Setting CVar [[r.Streaming.PoolSize:1000]]
[2020.01.20-16.49.10:356][  0]LogConfig: Setting CVar [[r.Streaming.MaxEffectiveScreenSize:0]]
[2020.01.20-16.49.10:356][  0]LogConfig: Applying CVar settings from Section [EffectsQuality@3] File [C:/Unreal Project/UE4Project/Saved/Config/Windows/Scalability.ini]
[2020.01.20-16.49.10:356][  0]LogConfig: Setting CVar [[r.TranslucencyLightingVolumeDim:64]]
[2020.01.20-16.49.10:356][  0]LogConfig: Setting CVar [[r.RefractionQuality:2]]
[2020.01.20-16.49.10:356][  0]LogConfig: Setting CVar [[r.SSR.Quality:3]]
[2020.01.20-16.49.10:356][  0]LogConfig: Setting CVar [[r.SSR.HalfResSceneColor:0]]
[2020.01.20-16.49.10:357][  0]LogConfig: Setting CVar [[r.SceneColorFormat:4]]
[2020.01.20-16.49.10:357][  0]LogConfig: Setting CVar [[r.DetailMode:2]]
[2020.01.20-16.49.10:357][  0]LogConfig: Setting CVar [[r.TranslucencyVolumeBlur:1]]
[2020.01.20-16.49.10:357][  0]LogConfig: Setting CVar [[r.MaterialQualityLevel:1 ; High quality]]
[2020.01.20-16.49.10:357][  0]LogConfig: Setting CVar [[r.SSS.Scale:1]]
[2020.01.20-16.49.10:357][  0]LogConfig: Setting CVar [[r.SSS.SampleSet:2]]
[2020.01.20-16.49.10:357][  0]LogConfig: Setting CVar [[r.SSS.Quality:1]]
[2020.01.20-16.49.10:357][  0]LogConfig: Setting CVar [[r.SSS.HalfRes:1]]
[2020.01.20-16.49.10:357][  0]LogConfig: Setting CVar [[r.SSGI.Quality:3]]
[2020.01.20-16.49.10:357][  0]LogConfig: Setting CVar [[r.EmitterSpawnRateScale:1.0]]
[2020.01.20-16.49.10:357][  0]LogConfig: Setting CVar [[r.ParticleLightQuality:2]]
[2020.01.20-16.49.10:357][  0]LogConfig: Setting CVar [[r.SkyAtmosphere.AerialPerspectiveLUT.FastApplyOnOpaque:1 ; Always have FastSkyLUT 1 in this case to avoid wrong sky]]
[2020.01.20-16.49.10:357][  0]LogConfig: Setting CVar [[r.SkyAtmosphere.AerialPerspectiveLUT.SampleCountPerSlice:1]]
[2020.01.20-16.49.10:357][  0]LogConfig: Setting CVar [[r.SkyAtmosphere.AerialPerspectiveLUT.DepthResolution:16.0]]
[2020.01.20-16.49.10:357][  0]LogConfig: Setting CVar [[r.SkyAtmosphere.FastSkyLUT:1]]
[2020.01.20-16.49.10:357][  0]LogConfig: Setting CVar [[r.SkyAtmosphere.FastSkyLUT.SampleCountMin:4.0]]
[2020.01.20-16.49.10:357][  0]LogConfig: Setting CVar [[r.SkyAtmosphere.FastSkyLUT.SampleCountMax:32.0]]
[2020.01.20-16.49.10:357][  0]LogConfig: Setting CVar [[r.SkyAtmosphere.SampleCountMin:4.0]]
[2020.01.20-16.49.10:357][  0]LogConfig: Setting CVar [[r.SkyAtmosphere.SampleCountMax:32.0]]
[2020.01.20-16.49.10:357][  0]LogConfig: Setting CVar [[r.SkyAtmosphere.TransmittanceLUT.UseSmallFormat:0]]
[2020.01.20-16.49.10:357][  0]LogConfig: Setting CVar [[r.SkyAtmosphere.TransmittanceLUT.SampleCount:10.0]]
[2020.01.20-16.49.10:357][  0]LogConfig: Setting CVar [[r.SkyAtmosphere.MultiScatteringLUT.SampleCount:15.0]]
[2020.01.20-16.49.10:357][  0]LogConfig: Applying CVar settings from Section [FoliageQuality@3] File [C:/Unreal Project/UE4Project/Saved/Config/Windows/Scalability.ini]
[2020.01.20-16.49.10:357][  0]LogConfig: Setting CVar [[foliage.DensityScale:1.0]]
[2020.01.20-16.49.10:357][  0]LogConfig: Setting CVar [[grass.DensityScale:1.0]]
[2020.01.20-16.49.10:357][  0]LogConfig: Applying CVar settings from Section [ShadingQuality@3] File [C:/Unreal Project/UE4Project/Saved/Config/Windows/Scalability.ini]
[2020.01.20-16.49.10:357][  0]LogConfig: Setting CVar [[r.HairStrands.SkyLighting.SampleCount:16]]
[2020.01.20-16.49.10:357][  0]LogConfig: Setting CVar [[r.HairStrands.SkyLighting.JitterIntegration:0]]
[2020.01.20-16.49.10:357][  0]LogConfig: Setting CVar [[r.HairStrands.SkyAO.SampleCount:16]]
[2020.01.20-16.49.10:357][  0]LogConfig: Applying CVar settings from Section [Startup] File [../../../Engine/Config/ConsoleVariables.ini]
[2020.01.20-16.49.10:357][  0]LogConfig: Setting CVar [[net.UseAdaptiveNetUpdateFrequency:0]]
[2020.01.20-16.49.10:357][  0]LogConfig: Setting CVar [[p.chaos.AllowCreatePhysxBodies:1]]
[2020.01.20-16.49.10:357][  0]LogConfig: Applying CVar settings from Section [ConsoleVariables] File [C:/Unreal Project/UE4Project/Saved/Config/Windows/Engine.ini]
[2020.01.20-16.49.10:357][  0]LogInit: Computer: DESKTOP-ADGCM6M
[2020.01.20-16.49.10:357][  0]LogInit: User: Sergi
[2020.01.20-16.49.10:357][  0]LogInit: CPU Page size=4096, Cores=2
[2020.01.20-16.49.10:357][  0]LogInit: High frequency timer resolution =10.000000 MHz
[2020.01.20-16.49.10:358][  0]LogMemory: Memory total: Physical=15.9GB (16GB approx)
[2020.01.20-16.49.10:358][  0]LogMemory: Platform Memory Stats for Windows
[2020.01.20-16.49.10:358][  0]LogMemory: Process Physical Memory: 104.09 MB used, 104.09 MB peak
[2020.01.20-16.49.10:358][  0]LogMemory: Process Virtual Memory: 99.85 MB used, 99.85 MB peak
[2020.01.20-16.49.10:358][  0]LogMemory: Physical Memory: 6096.52 MB used,  10172.71 MB free, 16269.22 MB total
[2020.01.20-16.49.10:358][  0]LogMemory: Virtual Memory: 5117.09 MB used,  134212608.00 MB free, 134217728.00 MB total
[2020.01.20-16.49.10:360][  0]LogWindows: WindowsPlatformFeatures enabled
[2020.01.20-16.49.10:373][  0]LogInit: Overriding language with editor language configuration option (en).
[2020.01.20-16.49.10:374][  0]LogInit: Overriding locale with editor locale configuration option (en).
[2020.01.20-16.49.10:554][  0]LogInit: Setting process to per monitor DPI aware
[2020.01.20-16.49.10:595][  0]LogSlate: New Slate User Created.  User Index 0, Is Virtual User: 0
[2020.01.20-16.49.10:595][  0]LogSlate: Slate User Registered.  User Index 0, Is Virtual User: 0
[2020.01.20-16.49.10:796][  0]LogHMD: Failed to initialize OpenVR with code 110
[2020.01.20-16.49.10:797][  0]LogD3D11RHI: D3D11 min allowed feature level: 11_0
[2020.01.20-16.49.10:797][  0]LogD3D11RHI: D3D11 max allowed feature level: 11_0
[2020.01.20-16.49.10:797][  0]LogD3D11RHI: D3D11 adapters:
[2020.01.20-16.49.10:852][  0]LogD3D11RHI:    0. 'NVIDIA GeForce 940MX' (Feature Level 11_0)
[2020.01.20-16.49.10:852][  0]LogD3D11RHI:       4055/0/8134 MB DedicatedVideo/DedicatedSystem/SharedSystem, Outputs:1, VendorId:0x10de
[2020.01.20-16.49.10:863][  0]LogD3D11RHI:    1. 'Intel(R) HD Graphics 620' (Feature Level 11_0)
[2020.01.20-16.49.10:863][  0]LogD3D11RHI:       128/0/8134 MB DedicatedVideo/DedicatedSystem/SharedSystem, Outputs:0, VendorId:0x8086
[2020.01.20-16.49.10:866][  0]LogD3D11RHI:    2. 'Microsoft Basic Render Driver' (Feature Level 11_0)
[2020.01.20-16.49.10:866][  0]LogD3D11RHI:       0/0/8134 MB DedicatedVideo/DedicatedSystem/SharedSystem, Outputs:0, VendorId:0x1414
[2020.01.20-16.49.10:866][  0]LogD3D11RHI: Chosen D3D11 Adapter: 0
[2020.01.20-16.49.10:902][  0]LogD3D11RHI: Creating new Direct3DDevice
[2020.01.20-16.49.10:903][  0]LogD3D11RHI:     GPU DeviceId: 0x134d (for the marketing name, search the web for "GPU Device Id")
[2020.01.20-16.49.10:903][  0]LogWindows: EnumDisplayDevices:
[2020.01.20-16.49.10:903][  0]LogWindows:    0. 'Intel(R) HD Graphics 620' (P:1 D:1)
[2020.01.20-16.49.10:903][  0]LogWindows:    1. 'Intel(R) HD Graphics 620' (P:0 D:0)
[2020.01.20-16.49.10:904][  0]LogWindows:    2. 'Intel(R) HD Graphics 620' (P:0 D:0)
[2020.01.20-16.49.10:904][  0]LogWindows: DebugString: PrimaryIsNotTheChoosenAdapter PrimaryIsNotTheChoosenAdapter PrimaryIsNotTheChoosenAdapter FoundDriverCount:0 
[2020.01.20-16.49.10:904][  0]LogD3D11RHI:     Adapter Name: NVIDIA GeForce 940MX
[2020.01.20-16.49.10:904][  0]LogD3D11RHI:   Driver Version: Unknown (internal:Unknown, unified:Unknown)
[2020.01.20-16.49.10:904][  0]LogD3D11RHI:      Driver Date: Unknown
[2020.01.20-16.49.10:904][  0]LogRHI: Texture pool is 2839 MB (70% of 4055 MB)
[2020.01.20-16.49.10:947][  0]LogD3D11RHI: RHI has support for 64 bit atomics
[2020.01.20-16.49.10:947][  0]LogD3D11RHI: Async texture creation enabled
[2020.01.20-16.49.10:967][  0]LogD3D11RHI: GPU Timing Frequency: 1000.000000 (Debug: 2 2)
[2020.01.20-16.49.11:372][  0]LogTargetPlatformManager: Display: Loaded TargetPlatform 'AllDesktop'
[2020.01.20-16.49.11:404][  0]LogTargetPlatformManager: Display: Loaded TargetPlatform 'Android'
[2020.01.20-16.49.11:404][  0]LogTargetPlatformManager: Display: Loaded TargetPlatform 'Android_ASTC'
[2020.01.20-16.49.11:404][  0]LogTargetPlatformManager: Display: Loaded TargetPlatform 'Android_ATC'
[2020.01.20-16.49.11:404][  0]LogTargetPlatformManager: Display: Loaded TargetPlatform 'Android_DXT'
[2020.01.20-16.49.11:404][  0]LogTargetPlatformManager: Display: Loaded TargetPlatform 'Android_ETC1'
[2020.01.20-16.49.11:404][  0]LogTargetPlatformManager: Display: Loaded TargetPlatform 'Android_ETC1a'
[2020.01.20-16.49.11:404][  0]LogTargetPlatformManager: Display: Loaded TargetPlatform 'Android_ETC2'
[2020.01.20-16.49.11:404][  0]LogTargetPlatformManager: Display: Loaded TargetPlatform 'Android_PVRTC'
[2020.01.20-16.49.11:404][  0]LogTargetPlatformManager: Display: Loaded TargetPlatform 'AndroidClient'
[2020.01.20-16.49.11:404][  0]LogTargetPlatformManager: Display: Loaded TargetPlatform 'Android_ASTCClient'
[2020.01.20-16.49.11:404][  0]LogTargetPlatformManager: Display: Loaded TargetPlatform 'Android_ATCClient'
[2020.01.20-16.49.11:404][  0]LogTargetPlatformManager: Display: Loaded TargetPlatform 'Android_DXTClient'
[2020.01.20-16.49.11:404][  0]LogTargetPlatformManager: Display: Loaded TargetPlatform 'Android_ETC1Client'
[2020.01.20-16.49.11:404][  0]LogTargetPlatformManager: Display: Loaded TargetPlatform 'Android_ETC1aClient'
[2020.01.20-16.49.11:404][  0]LogTargetPlatformManager: Display: Loaded TargetPlatform 'Android_ETC2Client'
[2020.01.20-16.49.11:404][  0]LogTargetPlatformManager: Display: Loaded TargetPlatform 'Android_PVRTCClient'
[2020.01.20-16.49.11:404][  0]LogTargetPlatformManager: Display: Loaded TargetPlatform 'Android_Multi'
[2020.01.20-16.49.11:404][  0]LogTargetPlatformManager: Display: Loaded TargetPlatform 'Android_MultiClient'
[2020.01.20-16.49.11:424][  0]LogTargetPlatformManager: Display: Loaded TargetPlatform 'IOSClient'
[2020.01.20-16.49.11:424][  0]LogTargetPlatformManager: Display: Loaded TargetPlatform 'IOS'
[2020.01.20-16.49.11:431][  0]LogTargetPlatformManager: Display: Loaded TargetPlatform 'LinuxNoEditor'
[2020.01.20-16.49.11:440][  0]LogTargetPlatformManager: Display: Loaded TargetPlatform 'LinuxClient'
[2020.01.20-16.49.11:447][  0]LogTargetPlatformManager: Display: Loaded TargetPlatform 'LinuxServer'
[2020.01.20-16.49.11:454][  0]LogTargetPlatformManager: Display: Loaded TargetPlatform 'LinuxAArch64NoEditor'
[2020.01.20-16.49.11:462][  0]LogTargetPlatformManager: Display: Loaded TargetPlatform 'LinuxAArch64Client'
[2020.01.20-16.49.11:469][  0]LogTargetPlatformManager: Display: Loaded TargetPlatform 'LinuxAArch64Server'
[2020.01.20-16.49.11:496][  0]LogTargetPlatformManager: Display: Loaded TargetPlatform 'Lumin'
[2020.01.20-16.49.11:496][  0]LogTargetPlatformManager: Display: Loaded TargetPlatform 'LuminClient'
[2020.01.20-16.49.11:509][  0]LogTargetPlatformManager: Display: Loaded TargetPlatform 'TVOSClient'
[2020.01.20-16.49.11:510][  0]LogTargetPlatformManager: Display: Loaded TargetPlatform 'TVOS'
[2020.01.20-16.49.11:518][  0]LogTargetPlatformManager: Display: Loaded TargetPlatform 'WindowsNoEditor'
[2020.01.20-16.49.11:525][  0]LogTargetPlatformManager: Display: Loaded TargetPlatform 'Windows'
[2020.01.20-16.49.11:532][  0]LogTargetPlatformManager: Display: Loaded TargetPlatform 'WindowsClient'
[2020.01.20-16.49.11:540][  0]LogTargetPlatformManager: Display: Loaded TargetPlatform 'WindowsServer'
[2020.01.20-16.49.11:540][  0]LogTargetPlatformManager: Display: Building Assets For Windows
[2020.01.20-16.49.11:543][  0]LogAudioDebug: Display: Lib vorbis DLL was dynamically loaded.
[2020.01.20-16.49.11:566][  0]LogShaderCompilers: Guid format shader working directory is 3 characters bigger than the processId version (../../../../../../Unreal Project/UE4Project/Intermediate/Shaders/WorkingDirectory/9188/).
[2020.01.20-16.49.11:566][  0]LogShaderCompilers: Cleaned the shader compiler working directory 'C:/Users/Sergi/AppData/Local/Temp/UnrealShaderWorkingDir/2D5FE70F41EB6065C53C6CA3B4D7A970/'.
[2020.01.20-16.49.11:566][  0]LogXGEController: Cannot use XGE Controller as Incredibuild is not installed on this machine.
[2020.01.20-16.49.11:566][  0]LogShaderCompilers: Cannot use XGE Shader Compiler as Incredibuild is not installed on this machine.
[2020.01.20-16.49.11:566][  0]LogShaderCompilers: Display: Using Local Shader Compiler.
[2020.01.20-16.49.12:335][  0]LogDerivedDataCache: Display: Max Cache Size: 512 MB
[2020.01.20-16.49.12:390][  0]LogDerivedDataCache: Loaded boot cache 0.06s 78MB C:/Users/Sergi/AppData/Local/UnrealEngine/4.24/DerivedDataCache/Boot.ddc.
[2020.01.20-16.49.12:390][  0]LogDerivedDataCache: Display: Loaded Boot cache: C:/Users/Sergi/AppData/Local/UnrealEngine/4.24/DerivedDataCache/Boot.ddc
[2020.01.20-16.49.12:391][  0]LogDerivedDataCache: FDerivedDataBackendGraph:  Pak pak cache file ../../../../../../Unreal Project/UE4Project/DerivedDataCache/DDC.ddp not found, will not use a pak cache.
[2020.01.20-16.49.12:391][  0]LogDerivedDataCache: Unable to find inner node Pak for hierarchical cache Hierarchy.
[2020.01.20-16.49.12:391][  0]LogDerivedDataCache: FDerivedDataBackendGraph:  CompressedPak pak cache file ../../../../../../Unreal Project/UE4Project/DerivedDataCache/Compressed.ddp not found, will not use a pak cache.
[2020.01.20-16.49.12:391][  0]LogDerivedDataCache: Unable to find inner node CompressedPak for hierarchical cache Hierarchy.
[2020.01.20-16.49.12:403][  0]LogDerivedDataCache: Display: Pak cache opened for reading ../../../Engine/DerivedDataCache/Compressed.ddp.
[2020.01.20-16.49.12:403][  0]LogDerivedDataCache: FDerivedDataBackendGraph:  EnterprisePak pak cache file ../../../Enterprise/DerivedDataCache/Compressed.ddp not found, will not use a pak cache.
[2020.01.20-16.49.12:403][  0]LogDerivedDataCache: Unable to find inner node EnterprisePak for hierarchical cache Hierarchy.
[2020.01.20-16.49.12:404][  0]LogDerivedDataCache: Using Local data cache path C:/Users/Sergi/AppData/Local/UnrealEngine/Common/DerivedDataCache: Writable
[2020.01.20-16.49.12:404][  0]LogDerivedDataCache: Shared data cache path not found in *engine.ini, will not use an Shared cache.
[2020.01.20-16.49.12:404][  0]LogDerivedDataCache: Unable to find inner node Shared for hierarchical cache Hierarchy.
[2020.01.20-16.49.12:440][  0]LogMaterial: Verifying Global Shaders for PCD3D_SM5
[2020.01.20-16.49.12:443][  0]LogSlate: Using FreeType 2.10.0
[2020.01.20-16.49.12:444][  0]LogSlate: SlateFontServices - WITH_FREETYPE: 1, WITH_HARFBUZZ: 1
[2020.01.20-16.49.12:502][  0]LogAssetRegistry: FAssetRegistry took 0.0027 seconds to start up
[2020.01.20-16.49.12:941][  0]LogInit: Selected Device Profile: [Windows]
[2020.01.20-16.49.13:152][  0]LogMeshReduction: Using QuadricMeshReduction for automatic static mesh reduction
[2020.01.20-16.49.13:152][  0]LogMeshReduction: Using SimplygonMeshReduction for automatic skeletal mesh reduction
[2020.01.20-16.49.13:152][  0]LogMeshReduction: Using ProxyLODMeshReduction for automatic mesh merging
[2020.01.20-16.49.13:152][  0]LogMeshReduction: No distributed automatic mesh merging module available
[2020.01.20-16.49.13:152][  0]LogMeshMerging: No distributed automatic mesh merging module available
[2020.01.20-16.49.13:167][  0]LogNetVersion: UE4Project 1.0.0, NetCL: 10570792, EngineNetVer: 13, GameNetVer: 0 (Checksum: 1436148483)
[2020.01.20-16.49.14:558][  0]LogPackageLocalizationCache: Processed 10 localized package path(s) for 1 prioritized culture(s) in 0.069954 seconds
[2020.01.20-16.49.14:569][  0]LogUObjectArray: 46750 objects as part of root set at end of initial load.
[2020.01.20-16.49.14:569][  0]LogUObjectAllocator: 8137160 out of 0 bytes used by permanent object pool.
[2020.01.20-16.49.14:569][  0]LogUObjectArray: CloseDisregardForGC: 0/0 objects in disregard for GC pool
[2020.01.20-16.49.15:105][  0]LogTcpMessaging: Initializing TcpMessaging bridge
[2020.01.20-16.49.15:108][  0]LogUdpMessaging: Initializing bridge on interface 0.0.0.0:0 to multicast group 230.0.0.1:6666.
[2020.01.20-16.49.15:173][  0]SourceControl: Source control is disabled
[2020.01.20-16.49.15:173][  0]SourceControl: Source control is disabled
[2020.01.20-16.49.15:174][  0]SourceControl: Source control is disabled
[2020.01.20-16.49.15:176][  0]SourceControl: Source control is disabled
[2020.01.20-16.49.15:177][  0]SourceControl: Source control is disabled
[2020.01.20-16.49.15:275][  0]LogAndroidPermission: UAndroidPermissionCallbackProxy::GetInstance
[2020.01.20-16.49.15:286][  0]LogAudioCaptureCore: Display: No Audio Capture implementations found. Audio input will be silent.
[2020.01.20-16.49.15:286][  0]LogAudioCaptureCore: Display: No Audio Capture implementations found. Audio input will be silent.
[2020.01.20-16.49.15:408][  0]LogOcInput: OculusInput pre-init called
[2020.01.20-16.49.15:417][  0]LogWindows: Failed to load 'OVRPlugin.dll' (GetLastError=126)
[2020.01.20-16.49.15:417][  0]LogWindows: File 'OVRPlugin.dll' does not exist
[2020.01.20-16.49.15:508][  0]LogEngine: Initializing Engine...
[2020.01.20-16.49.15:509][  0]LogHMD: Failed to initialize OpenVR with code 110
[2020.01.20-16.49.15:509][  0]LogStats: UGameplayTagsManager::InitializeManager -  0.000 s
[2020.01.20-16.49.15:994][  0]LogInit: Initializing FReadOnlyCVARCache
[2020.01.20-16.49.16:002][  0]LogAIModule: Creating AISystem for world Untitled
[2020.01.20-16.49.16:026][  0]LogAudioMixer: Display: Audio Mixer Platform Settings:
[2020.01.20-16.49.16:026][  0]LogAudioMixer: Display: 	Sample Rate:						  48000
[2020.01.20-16.49.16:026][  0]LogAudioMixer: Display: 	Callback Buffer Frame Size Requested: 1024
[2020.01.20-16.49.16:026][  0]LogAudioMixer: Display: 	Callback Buffer Frame Size To Use:	  1024
[2020.01.20-16.49.16:026][  0]LogAudioMixer: Display: 	Number of buffers to queue:			  2
[2020.01.20-16.49.16:026][  0]LogAudioMixer: Display: 	Max Channels (voices):				  32
[2020.01.20-16.49.16:026][  0]LogAudioMixer: Display: 	Number of Async Source Workers:		  0
[2020.01.20-16.49.16:026][  0]LogAudio: Display: AudioDevice MaxSources: 32
[2020.01.20-16.49.16:027][  0]LogAudio: Display: Using built-in audio occlusion.
[2020.01.20-16.49.16:027][  0]LogAudioMixer: Display: Initializing audio mixer.
[2020.01.20-16.49.16:066][  0]LogAudioMixer: Display: Audio Device Output Speaker Info:
[2020.01.20-16.49.16:066][  0]LogAudioMixer: Display: Name: Altavoz/Auricular (Realtek High Definition Audio)
[2020.01.20-16.49.16:066][  0]LogAudioMixer: Display: Is Default: Yes
[2020.01.20-16.49.16:066][  0]LogAudioMixer: Display: Sample Rate: 48000
[2020.01.20-16.49.16:066][  0]LogAudioMixer: Display: Channel Count Used: 2
[2020.01.20-16.49.16:066][  0]LogAudioMixer: Display: Device Channel Count: 2
[2020.01.20-16.49.16:066][  0]LogAudioMixer: Display: Channel Order:
[2020.01.20-16.49.16:066][  0]LogAudioMixer: Display: 0: FrontLeft
[2020.01.20-16.49.16:066][  0]LogAudioMixer: Display: 1: FrontRight
[2020.01.20-16.49.16:221][  0]LogAudioMixer: Display: Using Audio Device Altavoz/Auricular (Realtek High Definition Audio)
[2020.01.20-16.49.16:226][  0]LogInit: FAudioDevice initialized.
[2020.01.20-16.49.16:226][  0]LogNetVersion: Set ProjectVersion to 1.0.0.0. Version Checksum will be recalculated on next use.
[2020.01.20-16.49.16:301][  0]LogDerivedDataCache: Saved boot cache 0.08s 78MB C:/Users/Sergi/AppData/Local/UnrealEngine/4.24/DerivedDataCache/Boot.ddc.
[2020.01.20-16.49.16:306][  0]LogInit: Texture streaming: Enabled
[2020.01.20-16.49.16:316][  0]LogEngineSessionManager: EngineSessionManager initialized
[2020.01.20-16.49.16:316][  0]LogEditorSessionSummary: Verbose: Initializing EditorSessionSummaryWriter for editor session tracking
[2020.01.20-16.49.16:319][  0]LogEditorSessionSummary: EditorSessionSummaryWriter initialized
[2020.01.20-16.49.16:389][  0]LogInit: Transaction tracking system initialized
[2020.01.20-16.49.16:401][  0]BlueprintLog: New page: Editor Load
[2020.01.20-16.49.16:442][  0]LocalizationService: Localization service is disabled
[2020.01.20-16.49.16:924][  0]LogCook: Display: Max memory allowance for cook 16384mb min free memory 0mb
[2020.01.20-16.49.16:924][  0]LogCook: Display: Mobile HDR setting 1
[2020.01.20-16.49.17:016][  0]LogFileCache: Scanning file cache for directory 'C:/Unreal Project/UE4Project/Content/' took 0.05s
[2020.01.20-16.49.17:699][  0]SourceControl: Source control is disabled
[2020.01.20-16.49.17:699][  0]Cmd: MAP LOAD FILE="../../../../../../Unreal Project/UE4Project/Content/ThirdPersonBP/Maps/ThirdPersonExampleMap.umap" TEMPLATE=0 SHOWPROGRESS=1 FEATURELEVEL=3
[2020.01.20-16.49.17:700][  0]LightingResults: New page: Lighting Build
[2020.01.20-16.49.17:700][  0]LogWorld: UWorld::CleanupWorld for Untitled, bSessionEnded=true, bCleanupResources=true
[2020.01.20-16.49.17:700][  0]LogSlate: InvalidateAllWidgets triggered.  All widgets were invalidated
[2020.01.20-16.49.17:701][  0]MapCheck: New page: Map Check
[2020.01.20-16.49.17:701][  0]LightingResults: New page: Lighting Build
[2020.01.20-16.49.17:723][  0]LogUObjectHash: Compacting FUObjectHashTables data took   2.68ms
[2020.01.20-16.49.18:661][  0]LogLinker: Warning: While loading '../../../../../../Unreal Project/UE4Project/Content/ThirdPersonBP/Maps/ThirdPersonExampleMap.umap' failed to load '/Game/ThirdPersonBP/Maps/ThirdPersonExampleMap_BuiltData': Can't find file.
[2020.01.20-16.49.18:661][  0]LogLinker: Warning: While loading '../../../../../../Unreal Project/UE4Project/Content/ThirdPersonBP/Maps/ThirdPersonExampleMap.umap' failed to load '/Game/ThirdPersonBP/Maps/ThirdPersonExampleMap_BuiltData': Can't find file.
[2020.01.20-16.49.18:732][  0]LogLinker: Warning: While loading '../../../../../../Unreal Project/UE4Project/Content/ThirdPersonBP/Maps/ThirdPersonExampleMap.umap' failed to load '/Game/ThirdPersonBP/Maps/ThirdPersonExampleMap_BuiltData': Can't find file.
[2020.01.20-16.49.18:732][  0]LogLinker: Warning: While loading '../../../../../../Unreal Project/UE4Project/Content/ThirdPersonBP/Maps/ThirdPersonExampleMap.umap' failed to load '/Game/ThirdPersonBP/Maps/ThirdPersonExampleMap_BuiltData': Can't find file.
[2020.01.20-16.49.18:734][  0]LogLinker: Warning: Failed to load '/Game/ThirdPersonBP/Maps/ThirdPersonExampleMap_BuiltData': Can't find file.
[2020.01.20-16.49.18:734][  0]LogLinker: Warning: Failed to load '/Game/ThirdPersonBP/Maps/ThirdPersonExampleMap_BuiltData': Can't find file.
[2020.01.20-16.49.18:734][  0]LogLinker: Warning: Failed to load '/Game/ThirdPersonBP/Maps/ThirdPersonExampleMap_BuiltData': Can't find file.
[2020.01.20-16.49.18:734][  0]LogLinker: Warning: Failed to load '/Game/ThirdPersonBP/Maps/ThirdPersonExampleMap_BuiltData': Can't find file.
[2020.01.20-16.49.18:817][  0]LogLinker: Warning: While loading '../../../../../../Unreal Project/UE4Project/Content/ThirdPersonBP/Maps/ThirdPersonExampleMap.umap' failed to load '/Game/ThirdPersonBP/Maps/ThirdPersonExampleMap_BuiltData': Can't find file.
[2020.01.20-16.49.18:817][  0]LoadErrors: Failed to load /Game/ThirdPersonBP/Maps/ThirdPersonExampleMap_BuiltData.ThirdPersonExampleMap_BuiltData Referenced by PersistentLevel
[2020.01.20-16.49.18:817][  0]LogLinker: Warning: While loading '../../../../../../Unreal Project/UE4Project/Content/ThirdPersonBP/Maps/ThirdPersonExampleMap.umap' failed to load '/Game/ThirdPersonBP/Maps/ThirdPersonExampleMap_BuiltData': Can't find file.
[2020.01.20-16.49.18:817][  0]LoadErrors: Failed to load /Game/ThirdPersonBP/Maps/ThirdPersonExampleMap_BuiltData.ThirdPersonExampleMap_BuiltData Referenced by PersistentLevel
[2020.01.20-16.49.18:846][  0]LogAudioDerivedData: Display: Building compressed audio format OGG hash OGG10025600-1-1-1-1-1 wave DeathSound...
[2020.01.20-16.49.18:846][  0]LogAudioDerivedData: Display: Compression Quality for SoundWave /Game/MyAssets/Sounds/DeathSound.DeathSound will be modified from 40 to 40.
[2020.01.20-16.49.18:893][  0]LogAudioDerivedData: Display: Updated SoundWave->RawPCMDataSize from 0 to 172882 while cooking SoundWave /Game/MyAssets/Sounds/DeathSound.DeathSound.
[2020.01.20-16.49.18:992][  0]LogTexture: Display: Building textures: T_Snow_Ice_Generic (AutoDXT, 2048X2048)
[2020.01.20-16.49.18:992][  0]LogStaticMesh: Building static mesh Worn_Key...
[2020.01.20-16.49.19:071][  0]LogTexture: Display: Building textures: T_Snow_Ice_Generic_NRM (BC5, 2048X2048)
[2020.01.20-16.49.19:071][  0]LogStaticMesh: Built static mesh [0.08s] /Game/MyAssets/Models/Worn_Key.Worn_Key
[2020.01.20-16.49.19:110][  0]LogMaterial: Display: Missing cached shader map for material Metal, compiling. 
[2020.01.20-16.49.19:268][  0]LogShaderCompilers: Display: Worker (1/3): shaders left to compile 15
[2020.01.20-16.49.19:269][  0]LogShaderCompilers: Display: Worker (2/3): shaders left to compile 9
[2020.01.20-16.49.19:269][  0]LogShaderCompilers: Display: Worker (3/3): shaders left to compile 3
[2020.01.20-16.49.19:278][  0]LogMaterial: Display: Missing cached shader map for material M_Add_Sprite_Master, compiling. 
[2020.01.20-16.49.19:315][  0]LogTexture: Display: Building textures: T_CandleFlame (AutoDXT, 64X128)
[2020.01.20-16.49.19:343][  0]LogMaterial: Display: Missing cached shader map for material M_Add_Sprite_Master_DepthFade, compiling. 
[2020.01.20-16.49.19:373][  0]LogTexture: Display: Building textures: T_starFlare_02 (AutoDXT, 256X256)
[2020.01.20-16.49.19:409][  0]LogTexture: Display: Building textures: T_SoftFallOff (AutoDXT, 256X256)
[2020.01.20-16.49.19:439][  0]LogStaticMesh: Building static mesh SM_SwipeTrail...
[2020.01.20-16.49.19:440][  0]LogStaticMesh: Built static mesh [0.00s] /Game/InfinityBladeEffects/Effects/FX_Meshes/Skills/SM_SwipeTrail.SM_SwipeTrail
[2020.01.20-16.49.19:446][  0]LogTexture: Display: Building textures: T_starFlare_03 (AutoDXT, 256X256)
[2020.01.20-16.49.19:488][  0]LogStaticMesh: Building static mesh SM_AuraCircle...
[2020.01.20-16.49.19:489][  0]LogStaticMesh: Built static mesh [0.00s] /Game/InfinityBladeEffects/Effects/FX_Meshes/Skills/SM_AuraCircle.SM_AuraCircle
[2020.01.20-16.49.19:507][  0]LogStaticMesh: Building static mesh SM_Plains_CastleArch_03...
[2020.01.20-16.49.19:544][  0]LogStaticMesh: Built static mesh [0.04s] /Game/InfinityBladeGrassLands/Environments/Plains/Env_Plains_Ruins/StaticMesh/SM_Plains_CastleArch_03.SM_Plains_CastleArch_03
[2020.01.20-16.49.19:568][  0]LogStaticMesh: Building static mesh SM_Plains_CastleArch_Iron_Gate_02...
[2020.01.20-16.49.19:592][  0]LogStaticMesh: Built static mesh [0.02s] /Game/InfinityBladeGrassLands/Environments/Plains/Env_Plains_Ruins/StaticMesh/SM_Plains_CastleArch_Iron_Gate_02.SM_Plains_CastleArch_Iron_Gate_02
[2020.01.20-16.49.19:606][  0]LogStaticMesh: Building static mesh Hammered...
[2020.01.20-16.49.19:611][  0]LogStaticMesh: Built static mesh [0.01s] /Game/InfinityBladeEffects/Effects/FX_Meshes/Skills/Hammered.Hammered
[2020.01.20-16.49.39:771][  0]LogTexture: Display: Building textures: T_Ice_Ground_Rock01_N (AutoDXT, 2048X2048)
[2020.01.20-16.49.39:771][  0]LogTexture: Display: Building textures: T_Env_Snow_D (AutoDXT, 2048X2048)
[2020.01.20-16.49.39:771][  0]LogTexture: Display: Building textures: T_Env_Ice_Ground_Rock_4_N (BC5, 2048X2048)
[2020.01.20-16.49.39:771][  0]LogTexture: Display: Building textures: T_SwipeTrail (AutoDXT, 512X512)
[2020.01.20-16.49.39:771][  0]LogTexture: Display: Building textures: T_AuraCircle_TileHoriz (AutoDXT, 1024X1024)
[2020.01.20-16.49.39:771][  0]LogPackageName: Warning: Asset path "JW_FlameDungeon.FX.SM_FX_Embers" is in short form, which is unsupported and -- even if valid -- resolving it will be really slow.
[2020.01.20-16.49.39:771][  0]LogPackageName: Warning: Please consider resaving package in order to speed-up loading.
[2020.01.20-16.49.39:772][  0]LogTexture: Display: Building textures: ThumbnailTexture (DXT1, 512X512)
[2020.01.20-16.49.39:772][  0]LogPackageName: SearchForPackageOnDisk took   0.401s, but failed to resolve JW_FlameDungeon.
[2020.01.20-16.49.39:772][  0]LogPackageName: Warning: Asset path "JW_FlameDungeon.FX.SM_FX_Embers" could not be resolved.
[2020.01.20-16.49.39:772][  0]LogPackageName: Warning: Asset path "JW_FlameDungeon.FX.SM_FogPlane02" is in short form, which is unsupported and -- even if valid -- resolving it will be really slow.
[2020.01.20-16.49.39:772][  0]LogPackageName: Warning: Please consider resaving package in order to speed-up loading.
[2020.01.20-16.49.39:772][  0]LogTexture: Display: Building textures: T_Sparks_04_SubUV_1_4 (AutoDXT, 512X512)
[2020.01.20-16.49.39:772][  0]LogTexture: Display: Building textures: T_SmokeBall_01_8_8 (AutoDXT, 1024X1024)
[2020.01.20-16.49.39:772][  0]LogPackageName: SearchForPackageOnDisk took   0.461s, but failed to resolve JW_FlameDungeon.
[2020.01.20-16.49.39:772][  0]LogPackageName: Warning: Asset path "JW_FlameDungeon.FX.SM_FogPlane02" could not be resolved.
[2020.01.20-16.49.39:772][  0]LogTexture: Display: Building textures: T_GlowNoise_Circular_02 (AutoDXT, 256X256)
[2020.01.20-16.49.39:772][  0]LogTexture: Display: Building textures: T_starFlare_01 (AutoDXT, 256X256)
[2020.01.20-16.49.39:772][  0]LogTexture: Display: Building textures: ThumbnailTexture (DXT1, 512X512)
[2020.01.20-16.49.39:772][  0]LogTexture: Display: Building textures: T_Hammered (AutoDXT, 1024X1024)
[2020.01.20-16.49.39:772][  0]LogTexture: Display: Building textures: ThumbnailTexture (DXT1, 512X512)
[2020.01.20-16.49.39:772][  0]LogTexture: Display: Building textures: T_Fire_Sprite_01_5x5 (AutoDXT, 2048X2048)
[2020.01.20-16.49.39:772][  0]LogTexture: Display: Building textures: T_Plains_Castle_Wroughtlron_N (BC5, 2048X2048)
[2020.01.20-16.49.39:772][  0]LogMaterial: Display: Missing cached shader map for material M_Plains_Ocean, compiling. 
[2020.01.20-16.49.39:857][  0]LogAudioDerivedData: Display: Building compressed audio format OGG hash OGG10025600-1-1-1-1-1 wave Hammer-Pickup...
[2020.01.20-16.49.39:857][  0]LogAudioDerivedData: Display: Compression Quality for SoundWave /Game/MyAssets/Sounds/Hammer-Pickup.Hammer-Pickup will be modified from 40 to 40.
[2020.01.20-16.49.39:955][  0]LogAudioDerivedData: Display: Updated SoundWave->RawPCMDataSize from 0 to 393816 while cooking SoundWave /Game/MyAssets/Sounds/Hammer-Pickup.Hammer-Pickup.
[2020.01.20-16.49.39:955][  0]LogAudioDerivedData: Display: Building compressed audio format OGG hash OGG10025600-1-1-1-1-1 wave Hammer-Loop...
[2020.01.20-16.49.39:956][  0]LogAudioDerivedData: Display: Compression Quality for SoundWave /Game/MyAssets/Sounds/Hammer-Loop.Hammer-Loop will be modified from 40 to 40.
[2020.01.20-16.49.40:051][  0]LogTexture: Display: Building textures: T_Plains_Castle_Wroughtlron_D (AutoDXT, 2048X2048)
[2020.01.20-16.49.40:051][  0]LogAudioDerivedData: Display: Updated SoundWave->RawPCMDataSize from 0 to 414176 while cooking SoundWave /Game/MyAssets/Sounds/Hammer-Loop.Hammer-Loop.
[2020.01.20-16.49.40:065][  0]LogMaterial: Display: Missing cached shader map for material M_Add_Sprite_2Sided_Master, compiling. 
[2020.01.20-16.49.40:111][  0]LogMaterial: Display: Missing cached shader map for material M_AuraCircle, compiling. 
[2020.01.20-16.49.40:169][  0]LogMaterial: Display: Missing cached shader map for material M_Add_Sprite_SubUV_Master, compiling. 
[2020.01.20-16.49.40:221][  0]LogMaterial: Display: Missing cached shader map for material M_Opaque_Hammer_Spin, compiling. 
[2020.01.20-16.49.40:242][  0]LogAudioDerivedData: Display: Building compressed audio format OGG hash OGG10025600-1-1-1-1-1 wave cemetery_gate...
[2020.01.20-16.49.40:242][  0]LogAudioDerivedData: Display: Compression Quality for SoundWave /Game/MyAssets/Sounds/cemetery_gate.cemetery_gate will be modified from 40 to 40.
[2020.01.20-16.49.40:265][  0]LogAudioDerivedData: Display: Updated SoundWave->RawPCMDataSize from 0 to 117230 while cooking SoundWave /Game/MyAssets/Sounds/cemetery_gate.cemetery_gate.
[2020.01.20-16.49.50:808][  0]LogTexture: Display: Building textures: T_Plains_Ruins_Pillars_02_N (BC5, 2048X2048)
[2020.01.20-16.49.50:808][  0]LogTexture: Display: Building textures: T_Plains_Ruins_Pillars_02_D (AutoDXT, 2048X2048)
[2020.01.20-16.49.50:808][  0]LogPackageName: Warning: Asset path "StaticMesh'FX_Meshes_IB.SM_Debris_Box_RadialFull'" is in short form, which is unsupported and -- even if valid -- resolving it will be really slow.
[2020.01.20-16.49.50:808][  0]LogPackageName: Warning: Please consider resaving package in order to speed-up loading.
[2020.01.20-16.49.50:808][  0]LogPackageName: SearchForPackageOnDisk took   0.329s, but failed to resolve StaticMesh'FX_Meshes_IB.
[2020.01.20-16.49.50:808][  0]LogPackageName: Warning: Asset path "StaticMesh'FX_Meshes_IB.SM_Debris_Box_RadialFull'" could not be resolved.
[2020.01.20-16.49.50:808][  0]LogPackageName: Warning: Asset path "JW_Ice_Mountain.Mesh.SM_SnowBoulder" is in short form, which is unsupported and -- even if valid -- resolving it will be really slow.
[2020.01.20-16.49.50:808][  0]LogPackageName: Warning: Please consider resaving package in order to speed-up loading.
[2020.01.20-16.49.50:808][  0]LogPackageName: SearchForPackageOnDisk took   0.364s, but failed to resolve JW_Ice_Mountain.
[2020.01.20-16.49.50:808][  0]LogPackageName: Warning: Asset path "JW_Ice_Mountain.Mesh.SM_SnowBoulder" could not be resolved.
[2020.01.20-16.49.50:808][  0]LogPackageName: Warning: Asset path "FX_Meshes.UI.SM_SelectionMesh_01" is in short form, which is unsupported and -- even if valid -- resolving it will be really slow.
[2020.01.20-16.49.50:808][  0]LogPackageName: Warning: Please consider resaving package in order to speed-up loading.
[2020.01.20-16.49.50:808][  0]LogPackageName: SearchForPackageOnDisk took   0.368s, but failed to resolve FX_Meshes.
[2020.01.20-16.49.50:808][  0]LogPackageName: Warning: Asset path "FX_Meshes.UI.SM_SelectionMesh_01" could not be resolved.
[2020.01.20-16.49.50:808][  0]LogPackageName: Warning: Asset path "FX_Meshes.UI.SM_SelectionMesh_01" is in short form, which is unsupported and -- even if valid -- resolving it will be really slow.
[2020.01.20-16.49.50:808][  0]LogPackageName: Warning: Please consider resaving package in order to speed-up loading.
[2020.01.20-16.49.50:808][  0]LogPackageName: SearchForPackageOnDisk took   0.355s, but failed to resolve FX_Meshes.
[2020.01.20-16.49.50:808][  0]LogPackageName: Warning: Asset path "FX_Meshes.UI.SM_SelectionMesh_01" could not be resolved.
[2020.01.20-16.49.50:808][  0]LogPackageName: Warning: Asset path "'FX_Ambient.Meshes.SM_Bats'" is in short form, which is unsupported and -- even if valid -- resolving it will be really slow.
[2020.01.20-16.49.50:808][  0]LogPackageName: Warning: Please consider resaving package in order to speed-up loading.
[2020.01.20-16.49.50:808][  0]LogPackageName: SearchForPackageOnDisk took   0.340s, but failed to resolve 'FX_Ambient.
[2020.01.20-16.49.50:808][  0]LogPackageName: Warning: Asset path "'FX_Ambient.Meshes.SM_Bats'" could not be resolved.
[2020.01.20-16.49.50:808][  0]LogPackageName: Warning: Asset path "CastleEffects.TouchToMoveArrow" is in short form, which is unsupported and -- even if valid -- resolving it will be really slow.
[2020.01.20-16.49.50:808][  0]LogPackageName: Warning: Please consider resaving package in order to speed-up loading.
[2020.01.20-16.49.50:808][  0]LogPackageName: SearchForPackageOnDisk took   0.363s, but failed to resolve CastleEffects.
[2020.01.20-16.49.50:808][  0]LogPackageName: Warning: Asset path "CastleEffects.TouchToMoveArrow" could not be resolved.
[2020.01.20-16.49.50:808][  0]LogPackageName: Warning: Asset path "StaticMesh'FX_Meshes.Fire.SM_Dungeon_Pipes_Lava01_Cool'" is in short form, which is unsupported and -- even if valid -- resolving it will be really slow.
[2020.01.20-16.49.50:808][  0]LogPackageName: Warning: Please consider resaving package in order to speed-up loading.
[2020.01.20-16.49.50:809][  0]LogPackageName: SearchForPackageOnDisk took   0.356s, but failed to resolve StaticMesh'FX_Meshes.
[2020.01.20-16.49.50:809][  0]LogPackageName: Warning: Asset path "StaticMesh'FX_Meshes.Fire.SM_Dungeon_Pipes_Lava01_Cool'" could not be resolved.
[2020.01.20-16.49.50:809][  0]LogPackageName: Warning: Asset path "m_FogSheet_02" is in short form, which is unsupported and -- even if valid -- resolving it will be really slow.
[2020.01.20-16.49.50:809][  0]LogPackageName: Warning: Please consider resaving package in order to speed-up loading.
[2020.01.20-16.49.50:809][  0]LogPackageName: SearchForPackageOnDisk took   0.343s to resolve m_FogSheet_02.
[2020.01.20-16.49.50:809][  0]LogPackageName: Warning: Asset path "FX_Test_LAN.Meshes.SM_IceWall01" is in short form, which is unsupported and -- even if valid -- resolving it will be really slow.
[2020.01.20-16.49.50:809][  0]LogPackageName: Warning: Please consider resaving package in order to speed-up loading.
[2020.01.20-16.49.50:809][  0]LogPackageName: SearchForPackageOnDisk took   0.329s, but failed to resolve FX_Test_LAN.
[2020.01.20-16.49.50:809][  0]LogPackageName: Warning: Asset path "FX_Test_LAN.Meshes.SM_IceWall01" could not be resolved.
[2020.01.20-16.49.50:809][  0]LogMaterial: Display: Missing cached shader map for material M_PLains_Castle_WroughtIron, compiling. 
[2020.01.20-16.49.53:581][  0]LogPackageName: Warning: Asset path "m_FogSheet_02" is in short form, which is unsupported and -- even if valid -- resolving it will be really slow.
[2020.01.20-16.49.53:581][  0]LogPackageName: Warning: Please consider resaving package in order to speed-up loading.
[2020.01.20-16.49.53:581][  0]LogPackageName: SearchForPackageOnDisk took   0.343s to resolve m_FogSheet_02.
[2020.01.20-16.49.53:581][  0]LogPackageName: Warning: Asset path "m_FogSheet_02" is in short form, which is unsupported and -- even if valid -- resolving it will be really slow.
[2020.01.20-16.49.53:581][  0]LogPackageName: Warning: Please consider resaving package in order to speed-up loading.
[2020.01.20-16.49.53:581][  0]LogPackageName: SearchForPackageOnDisk took   0.381s to resolve m_FogSheet_02.
[2020.01.20-16.49.53:581][  0]LogPackageName: Warning: Asset path "m_FogSheet_02" is in short form, which is unsupported and -- even if valid -- resolving it will be really slow.
[2020.01.20-16.49.53:581][  0]LogPackageName: Warning: Please consider resaving package in order to speed-up loading.
[2020.01.20-16.49.53:581][  0]LogPackageName: SearchForPackageOnDisk took   0.393s to resolve m_FogSheet_02.
[2020.01.20-16.49.53:581][  0]LogMaterial: Display: Missing cached shader map for material M_Plains_Pillars02, compiling. 
[2020.01.20-16.49.53:622][  0]LogAIModule: Creating AISystem for world ThirdPersonExampleMap
[2020.01.20-16.49.53:979][  0]LogEditorServer: Finished looking for orphan Actors (0.000 secs)
[2020.01.20-16.49.54:022][  0]LogUObjectHash: Compacting FUObjectHashTables data took   3.86ms
[2020.01.20-16.49.54:042][  0]Cmd: MAP CHECKDEP NOCLEARLOG
[2020.01.20-16.49.54:042][  0]MapCheck: Map check complete: 0 Error(s), 0 Warning(s), took 0.175ms to complete.
[2020.01.20-16.49.54:042][  0]LogFileHelpers: Loading map 'ThirdPersonExampleMap' took 36.343
[2020.01.20-16.49.54:334][  0]LogSlate: Updating window title bar state: overlay mode, drag disabled, window buttons hidden, title bar hidden
[2020.01.20-16.49.54:349][  0]LogSlate: Updating window title bar state: overlay mode, drag disabled, window buttons hidden, title bar hidden
[2020.01.20-16.49.54:365][  0]LogSlate: Updating window title bar state: overlay mode, drag disabled, window buttons hidden, title bar hidden
[2020.01.20-16.49.54:379][  0]LogSlate: Updating window title bar state: overlay mode, drag disabled, window buttons hidden, title bar hidden
[2020.01.20-16.49.54:401][  0]LogCollectionManager: Loaded 0 collections in 0.003387 seconds
[2020.01.20-16.49.54:440][  0]LogFileCache: Scanning file cache for directory 'C:/Unreal Project/UE4Project/Saved/Collections/' took 0.00s
[2020.01.20-16.49.54:441][  0]LogFileCache: Scanning file cache for directory 'C:/Unreal Project/UE4Project/Content/Developers/Sergi/Collections/' took 0.00s
[2020.01.20-16.49.54:441][  0]LogFileCache: Scanning file cache for directory 'C:/Unreal Project/UE4Project/Content/Collections/' took 0.00s
[2020.01.20-16.49.54:441][  0]LogContentBrowser: Native class hierarchy populated in 0.0164 seconds. Added 3015 classes and 717 folders.
[2020.01.20-16.49.54:451][  0]LogContentBrowser: Native class hierarchy updated for 'WidgetCarousel' in 0.0004 seconds. Added 0 classes and 0 folders.
[2020.01.20-16.49.55:015][  0]LogContentBrowser: Native class hierarchy updated for 'AddContentDialog' in 0.0006 seconds. Added 0 classes and 0 folders.
[2020.01.20-16.49.55:027][  0]LogContentBrowser: Native class hierarchy updated for 'SceneOutliner' in 0.0004 seconds. Added 2 classes and 3 folders.
[2020.01.20-16.49.55:130][  0]LogSlate: Took 0.000196 seconds to synchronously load lazily loaded font '../../../Engine/Content/Slate/Fonts/Roboto-Regular.ttf' (155K)
[2020.01.20-16.49.55:134][  0]LogSlate: Took 0.000188 seconds to synchronously load lazily loaded font '../../../Engine/Content/Slate/Fonts/Roboto-Bold.ttf' (160K)
[2020.01.20-16.49.55:156][  0]LogSlate: Took 0.009353 seconds to synchronously load lazily loaded font '../../../Engine/Content/Editor/Slate/Fonts/FontAwesome.ttf' (139K)
[2020.01.20-16.49.55:353][  0]LogRenderer: Reallocating scene render targets to support 932x440 Format 10 NumSamples 1 (Frame:1).
[2020.01.20-16.49.55:855][  0]LogContentBrowser: Native class hierarchy updated for 'HierarchicalLODOutliner' in 0.0004 seconds. Added 0 classes and 0 folders.
[2020.01.20-16.49.55:855][  0]LogLoad: (Engine Initialization) Total time: 47.01 seconds
[2020.01.20-16.49.55:855][  0]LogLoad: (Engine Initialization) Total Blueprint compile time: 0.00 seconds
[2020.01.20-16.49.55:932][  0]LogContentStreaming: Texture pool size now 1000 MB
[2020.01.20-16.49.56:070][  0]LogSlate: Took 0.009715 seconds to synchronously load lazily loaded font '../../../Engine/Content/Slate/Fonts/Roboto-Light.ttf' (167K)
[2020.01.20-16.50.04:036][353]LogSlate: Window 'Message Log' being destroyed
[2020.01.20-16.50.04:041][353]LogSlate: Window 'Message Log' being destroyed
[2020.01.20-16.50.07:894][511]LogShaderCompilers: Display: Worker (3/3): shaders left to compile 248
[2020.01.20-16.50.12:408][511]Cmd: SELECT NONE
[2020.01.20-16.50.12:820][529]LogPackageName: Warning: Asset path "JW_Ice_Mountain.Mesh.SM_SnowBoulder" is in short form, which is unsupported and -- even if valid -- resolving it will be really slow.
[2020.01.20-16.50.12:820][529]LogPackageName: Warning: Please consider resaving package in order to speed-up loading.
[2020.01.20-16.50.13:185][538]LogPackageName: SearchForPackageOnDisk took   0.360s, but failed to resolve JW_Ice_Mountain.
[2020.01.20-16.50.13:185][538]LogPackageName: Warning: Asset path "JW_Ice_Mountain.Mesh.SM_SnowBoulder" could not be resolved.
[2020.01.20-16.50.13:288][542]LogPackageName: Warning: Asset path "S_Survival_CA_Chicken_02.SM.S_Survival_CA_Chicken_02" is in short form, which is unsupported and -- even if valid -- resolving it will be really slow.
[2020.01.20-16.50.13:288][542]LogPackageName: Warning: Please consider resaving package in order to speed-up loading.
[2020.01.20-16.50.13:668][558]LogPackageName: SearchForPackageOnDisk took   0.386s to resolve S_Survival_CA_Chicken_02.
[2020.01.20-16.50.14:466][589]LogPackageName: Warning: Asset path "JW_Ice_Mountain.Mesh.SM_SnowBoulder" is in short form, which is unsupported and -- even if valid -- resolving it will be really slow.
[2020.01.20-16.50.14:467][589]LogPackageName: Warning: Please consider resaving package in order to speed-up loading.
[2020.01.20-16.50.14:810][602]LogPackageName: SearchForPackageOnDisk took   0.365s, but failed to resolve JW_Ice_Mountain.
[2020.01.20-16.50.14:810][602]LogPackageName: Warning: Asset path "JW_Ice_Mountain.Mesh.SM_SnowBoulder" could not be resolved.
[2020.01.20-16.50.14:888][605]LogPackageName: Warning: Asset path "Env_ALL_Artifacts.Mesh.Env_ALL_Terminus001" is in short form, which is unsupported and -- even if valid -- resolving it will be really slow.
[2020.01.20-16.50.14:888][605]LogPackageName: Warning: Please consider resaving package in order to speed-up loading.
[2020.01.20-16.50.15:253][620]LogPackageName: SearchForPackageOnDisk took   0.393s, but failed to resolve Env_ALL_Artifacts.
[2020.01.20-16.50.15:253][620]LogPackageName: Warning: Asset path "Env_ALL_Artifacts.Mesh.Env_ALL_Terminus001" could not be resolved.
[2020.01.20-16.50.16:869][693]LogPackageName: Warning: Asset path "S_ClothTarps_03.SM.Mesh.S_ClothTarps_03" is in short form, which is unsupported and -- even if valid -- resolving it will be really slow.
[2020.01.20-16.50.16:871][693]LogPackageName: Warning: Please consider resaving package in order to speed-up loading.
[2020.01.20-16.50.17:240][714]LogPackageName: SearchForPackageOnDisk took   0.372s, but failed to resolve S_ClothTarps_03.
[2020.01.20-16.50.17:240][714]LogPackageName: Warning: Asset path "S_ClothTarps_03.SM.Mesh.S_ClothTarps_03" could not be resolved.
[2020.01.20-16.50.24:620][ 64]LogShaderCompilers: Display: Worker (1/3): shaders left to compile 238
[2020.01.20-16.50.25:372][ 64]LogShaderCompilers: Display: Worker (2/3): shaders left to compile 228
[2020.01.20-16.50.27:523][ 64]LogShaderCompilers: Display: Worker (3/3): shaders left to compile 218
[2020.01.20-16.50.29:667][ 64]LogShaderCompilers: Display: Worker (1/3): shaders left to compile 208
[2020.01.20-16.50.29:900][ 64]LogShaderCompilers: Display: Worker (2/3): shaders left to compile 198
[2020.01.20-16.50.30:314][ 64]Cmd: SELECT NONE
[2020.01.20-16.50.35:484][ 67]LogShaderCompilers: Display: Worker (3/3): shaders left to compile 188
[2020.01.20-16.50.36:079][ 67]LogAssetRegistry: Asset discovery search completed in 83.5786 seconds
[2020.01.20-16.50.36:085][ 67]LogCollectionManager: Fixed up redirectors for 0 collections in 0.000010 seconds (updated 0 objects)
[2020.01.20-16.50.36:460][ 71]LogShaderCompilers: Display: Worker (2/3): shaders left to compile 178
[2020.01.20-16.50.38:785][ 71]LogShaderCompilers: Display: Worker (1/3): shaders left to compile 168
[2020.01.20-16.50.41:013][ 71]LogShaderCompilers: Display: Worker (3/3): shaders left to compile 158
[2020.01.20-16.50.50:060][473]LogShaderCompilers: Display: Worker (3/3): shaders left to compile 148
[2020.01.20-16.50.50:247][484]LogShaderCompilers: Display: Worker (2/3): shaders left to compile 138
[2020.01.20-16.50.54:632][738]LogShaderCompilers: Display: Worker (1/3): shaders left to compile 128
[2020.01.20-16.51.05:462][297]LogShaderCompilers: Display: Worker (2/3): shaders left to compile 118
[2020.01.20-16.51.05:639][306]LogShaderCompilers: Display: Worker (3/3): shaders left to compile 108
[2020.01.20-16.51.07:940][413]LogShaderCompilers: Display: Worker (1/3): shaders left to compile 98
[2020.01.20-16.51.14:605][757]LogSlate: Window 'Color Picker' being destroyed
[2020.01.20-16.51.18:411][955]LogShaderCompilers: Display: Worker (3/3): shaders left to compile 88
[2020.01.20-16.51.18:696][968]LogShaderCompilers: Display: Worker (2/3): shaders left to compile 78
[2020.01.20-16.51.23:389][201]LogShaderCompilers: Display: Worker (1/3): shaders left to compile 68
[2020.01.20-16.51.27:574][204]LogShaderCompilers: Display: Worker (3/3): shaders left to compile 58
[2020.01.20-16.51.27:844][204]LogShaderCompilers: Display: Worker (2/3): shaders left to compile 48
[2020.01.20-16.51.29:380][251]LogShaderCompilers: Display: Worker (1/3): shaders left to compile 38
[2020.01.20-16.51.30:814][310]LogSlate: Took 0.000365 seconds to synchronously load lazily loaded font '../../../Engine/Content/Slate/Fonts/Roboto-Light.ttf' (167K)
[2020.01.20-16.51.30:848][310]LogAssetEditorSubsystem: Opening Asset editor for World /Game/Terrain/Terrain.Terrain
[2020.01.20-16.51.30:883][310]LogUObjectHash: Compacting FUObjectHashTables data took   2.33ms
[2020.01.20-16.51.34:848][310]LogShaderCompilers: Display: Worker (3/3): shaders left to compile 28
[2020.01.20-16.51.37:125][310]LogSlate: Window 'Save Content' being destroyed
[2020.01.20-16.51.37:147][310]Cmd: OBJ SAVEPACKAGE PACKAGE="/Game/Terrain/Terrain" FILE="../../../../../../Unreal Project/UE4Project/Content/Terrain/Terrain.umap" SILENT=true AUTOSAVING=false KEEPDIRTY=false
[2020.01.20-16.51.37:183][310]LogUObjectHash: Compacting FUObjectHashTables data took   1.13ms
[2020.01.20-16.51.37:201][310]LogSavePackage: Moving '../../../../../../Unreal Project/UE4Project/Saved/TerrainE55A754C4306D75A2FDDA3BD18C9777C.tmp' to '../../../../../../Unreal Project/UE4Project/Content/Terrain/Terrain.umap'
[2020.01.20-16.51.37:211][310]LogFileHelpers: Saving map 'Terrain' took 0.065
[2020.01.20-16.51.37:214][310]Cmd: MAP LOAD FILE="../../../../../../Unreal Project/UE4Project/Content/Terrain/Terrain.umap" TEMPLATE=0 SHOWPROGRESS=1 FEATURELEVEL=3
[2020.01.20-16.51.37:214][310]LightingResults: New page: Lighting Build
[2020.01.20-16.51.37:215][310]LoadErrors: New page: Loading map: Terrain.umap
[2020.01.20-16.51.37:217][310]LogWorld: UWorld::CleanupWorld for ThirdPersonExampleMap, bSessionEnded=true, bCleanupResources=true
[2020.01.20-16.51.37:218][310]LogSlate: InvalidateAllWidgets triggered.  All widgets were invalidated
[2020.01.20-16.51.37:218][310]MapCheck: New page: Map Check
[2020.01.20-16.51.37:218][310]LightingResults: New page: Lighting Build
[2020.01.20-16.51.37:252][310]LogUObjectHash: Compacting FUObjectHashTables data took   2.95ms
[2020.01.20-16.51.37:267][310]LogEditorServer: Finished looking for orphan Actors (0.000 secs)
[2020.01.20-16.51.37:267][310]LogAIModule: Creating AISystem for world Terrain
[2020.01.20-16.51.37:304][310]LogUObjectHash: Compacting FUObjectHashTables data took   3.03ms
[2020.01.20-16.51.37:363][310]Cmd: MAP CHECKDEP NOCLEARLOG
[2020.01.20-16.51.37:387][310]MapCheck: Map check complete: 0 Error(s), 0 Warning(s), took 24.098ms to complete.
[2020.01.20-16.51.37:388][310]LogFileHelpers: Loading map 'Terrain' took 0.177
[2020.01.20-16.51.37:477][310]AssetCheck: New page: Asset Save: Terrain
[2020.01.20-16.51.37:477][310]LogContentValidation: Display: Validating World /Game/Terrain/Terrain.Terrain
[2020.01.20-16.51.38:138][313]LogShaderCompilers: Display: Worker (2/3): shaders left to compile 18
[2020.01.20-16.51.39:161][313]LogShaderCompilers: Display: Worker (1/3): shaders left to compile 11
[2020.01.20-16.51.42:336][313]LogShaderCompilers: Display: Worker (3/3): shaders left to compile 7
[2020.01.20-16.51.42:450][313]LogShaderCompilers: Display: Worker (1/3): shaders left to compile 4
[2020.01.20-16.51.42:640][313]LogAssetEditorSubsystem: Opening Asset editor for World /Game/Terrain/Terrain.Terrain
[2020.01.20-16.51.42:676][313]LogUObjectHash: Compacting FUObjectHashTables data took   0.98ms
[2020.01.20-16.51.42:678][313]Cmd: MAP LOAD FILE="../../../../../../Unreal Project/UE4Project/Content/Terrain/Terrain.umap" TEMPLATE=0 SHOWPROGRESS=1 FEATURELEVEL=3
[2020.01.20-16.51.42:678][313]LightingResults: New page: Lighting Build
[2020.01.20-16.51.42:681][313]LoadErrors: New page: Loading map: Terrain.umap
[2020.01.20-16.51.42:682][313]LogWorld: UWorld::CleanupWorld for Terrain, bSessionEnded=true, bCleanupResources=true
[2020.01.20-16.51.42:682][313]LogSlate: InvalidateAllWidgets triggered.  All widgets were invalidated
[2020.01.20-16.51.42:682][313]MapCheck: New page: Map Check
[2020.01.20-16.51.42:682][313]LightingResults: New page: Lighting Build
[2020.01.20-16.51.42:721][313]LogUObjectHash: Compacting FUObjectHashTables data took   2.89ms
[2020.01.20-16.51.42:725][313]LogAIModule: Creating AISystem for world Terrain
[2020.01.20-16.51.42:750][313]LogEditorServer: Finished looking for orphan Actors (0.000 secs)
[2020.01.20-16.51.42:788][313]LogUObjectHash: Compacting FUObjectHashTables data took   2.44ms
[2020.01.20-16.51.42:847][313]Cmd: MAP CHECKDEP NOCLEARLOG
[2020.01.20-16.51.42:850][313]MapCheck: Map check complete: 0 Error(s), 0 Warning(s), took 3.038ms to complete.
[2020.01.20-16.51.42:850][313]LogFileHelpers: Loading map 'Terrain' took 0.173
[2020.01.20-16.51.46:165][502]LogShaderCompilers: Display: Worker (1/3): shaders left to compile 2
[2020.01.20-16.51.46:197][504]LogShaderCompilers: Display: Worker (2/3): shaders left to compile 1
[2020.01.20-16.51.51:623][807]LogActorFactory: Actor Factory created Plane
[2020.01.20-16.51.52:603][864]LogActorFactory: Actor Factory created Plane
[2020.01.20-16.52.27:862][863]LogEditorViewport: Clicking on Actor (context menu): StaticMeshActor (Plane)
[2020.01.20-16.52.46:289][905]Cmd: DELETE
[2020.01.20-16.52.46:289][905]Cmd: ACTOR DELETE
[2020.01.20-16.52.46:295][905]LogEditorActor: Deleted Actor: SkyAtmosphere
[2020.01.20-16.52.46:319][905]LogUObjectHash: Compacting FUObjectHashTables data took   2.14ms
[2020.01.20-16.52.46:322][905]LogEditorActor: Deleted 1 Actors (0.032 secs)
[2020.01.20-16.52.54:048][345]Cmd: DELETE
[2020.01.20-16.52.54:048][345]Cmd: ACTOR DELETE
[2020.01.20-16.52.54:049][345]LogEditorActor: Deleted Actor: SkyLight
[2020.01.20-16.52.54:076][345]LogUObjectHash: Compacting FUObjectHashTables data took   1.72ms
[2020.01.20-16.52.54:077][345]LogEditorActor: Deleted 1 Actors (0.030 secs)
[2020.01.20-16.53.13:065][421]Cmd: EDIT COPY
[2020.01.20-16.53.13:669][455]Cmd: EDIT PASTE
[2020.01.20-16.54.29:605][557]Cmd: TRANSACTION UNDO
[2020.01.20-16.54.29:605][557]LogEditorTransaction: Undo Edit Refresh Material
[2020.01.20-16.54.30:090][567]Cmd: TRANSACTION UNDO
[2020.01.20-16.54.30:090][567]LogEditorTransaction: Undo Edit Refresh Material
[2020.01.20-16.54.30:510][584]Cmd: TRANSACTION UNDO
[2020.01.20-16.54.30:510][584]LogEditorTransaction: Undo Rotate Actors
[2020.01.20-16.54.30:887][600]Cmd: TRANSACTION UNDO
[2020.01.20-16.54.30:887][600]LogEditorTransaction: Undo Edit Directional Light Actor
[2020.01.20-16.55.19:644][208]Cmd: EDIT PASTE
[2020.01.20-16.55.22:577][362]Cmd: TRANSACTION UNDO
[2020.01.20-16.55.22:577][362]LogEditorTransaction: Undo Paste
[2020.01.20-16.59.15:768][646]Cmd: OBJ SAVEPACKAGE PACKAGE="/Game/Terrain/Terrain" FILE="../../../../../../Unreal Project/UE4Project/Content/Terrain/Terrain.umap" SILENT=true AUTOSAVING=false KEEPDIRTY=false
[2020.01.20-16.59.15:842][646]LogUObjectHash: Compacting FUObjectHashTables data took   1.73ms
[2020.01.20-16.59.15:871][646]LogSavePackage: Moving '../../../../../../Unreal Project/UE4Project/Saved/Terrain81315CB448C456FE9BAC93B64E21ED25.tmp' to '../../../../../../Unreal Project/UE4Project/Content/Terrain/Terrain.umap'
[2020.01.20-16.59.15:922][646]AssetCheck: New page: Asset Save: Terrain
[2020.01.20-16.59.15:922][646]LogContentValidation: Display: Validating World /Game/Terrain/Terrain.Terrain
[2020.01.20-16.59.19:387][830]LogUObjectHash: Compacting FUObjectHashTables data took   1.99ms
[2020.01.20-16.59.23:450][ 53]MapCheck: New page: Map Check
[2020.01.20-16.59.23:471][ 53]LightingResults: New page: Lighting Build - Jan 20, 2020, 6:59:23 PM
[2020.01.20-16.59.23:527][ 53]LogSwarmInterface: [OpenConnection] Registering TCP channel ...
[2020.01.20-16.59.23:592][ 53]LogSwarmInterface: [OpenConnection] Connecting to agent ...
[2020.01.20-16.59.23:609][ 53]LogSwarmInterface: [TryOpenConnection] Testing the Agent
[2020.01.20-16.59.24:127][ 53]LogSwarmInterface: [TryOpenConnection] Opening Connection to Agent
[2020.01.20-16.59.24:127][ 53]LogSwarmInterface: [TryOpenConnection] Local Process ID is 9188
[2020.01.20-16.59.31:172][ 53]LogStaticLightingSystem: Warning: No importance volume found, so the scene bounding box was used.  You can optimize your scene's quality and lighting build times by adding importance volumes.
[2020.01.20-16.59.31:173][ 53]LogStaticLightingSystem: Running Lightmass w/ ImmediateImport mode ENABLED
[2020.01.20-16.59.31:173][ 53]LogStaticLightingSystem: Running Lightmass w/ ImmediateProcess mode ENABLED
[2020.01.20-16.59.31:173][ 53]LogStaticLightingSystem: Running Lightmass w/ Sorting mode ENABLED
[2020.01.20-16.59.31:173][ 53]LogStaticLightingSystem: Running Lightmass w/ Mapping paddings ENABLED
[2020.01.20-16.59.31:173][ 53]LogStaticLightingSystem: Running Lightmass w/ Mapping debug paddings DISABLED
[2020.01.20-16.59.31:325][ 53]LogEditorBuildUtils: Build time 0:07
[2020.01.20-16.59.31:346][ 53]LogMaterial: Display: Missing cached shader map for material FLightmassMaterialRenderer BasicShapeMaterial, compiling. 
[2020.01.20-16.59.31:366][ 53]LogShaderCompilers: Display: Worker (1/3): shaders left to compile 2
[2020.01.20-16.59.31:366][ 53]LogShaderCompilers: Display: Worker (2/3): shaders left to compile 1
[2020.01.20-16.59.31:366][ 53]LogMaterial: Display: Missing cached shader map for material FLightmassMaterialRenderer BasicShapeMaterial, compiling. 
[2020.01.20-16.59.31:409][ 53]LogShaderCompilers: Display: Worker (3/3): shaders left to compile 2
[2020.01.20-16.59.31:462][ 54]LogMaterial: Display: Missing cached shader map for material FLightmassMaterialRenderer MaterialInstanceDynamic_0, compiling. 
[2020.01.20-16.59.31:495][ 54]LogMaterial: Display: Missing cached shader map for material FLightmassMaterialRenderer MaterialInstanceDynamic_0, compiling. 
[2020.01.20-16.59.31:577][ 55]LogMaterial: Display: Missing cached shader map for material FLightmassMaterialRenderer WorldGridMaterial, compiling. Is special engine material.
[2020.01.20-16.59.31:624][ 55]LogMaterial: Display: Missing cached shader map for material FLightmassMaterialRenderer WorldGridMaterial, compiling. Is special engine material.
[2020.01.20-16.59.34:024][ 56]LogShaderCompilers: Display: Worker (2/3): shaders left to compile 9
[2020.01.20-16.59.34:024][ 56]LogShaderCompilers: Display: Worker (3/3): shaders left to compile 5
[2020.01.20-16.59.34:024][ 56]LogShaderCompilers: Display: Worker (1/3): shaders left to compile 3
[2020.01.20-16.59.34:024][ 56]LogShaderCompilers: Display: Worker (1/3): shaders left to compile 1
[2020.01.20-16.59.34:233][ 63]LogUObjectHash: Compacting FUObjectHashTables data took   0.99ms
[2020.01.20-16.59.36:370][117]Job is a success!
[2020.01.20-16.59.36:564][118]LogVolumetricLightmapImport: Imported Volumetric Lightmap in 0.011s
[2020.01.20-16.59.36:564][118]LogVolumetricLightmapImport:      Indirection Texture 16x16x16 = 0.0Mb
[2020.01.20-16.59.36:564][118]LogVolumetricLightmapImport:      BrickData (all levels) 0.0Mb
[2020.01.20-16.59.36:564][118]LogVolumetricLightmapImport:      Bricks at depth
[2020.01.20-16.59.36:564][118]LogVolumetricLightmapImport:          0: 33.3% covering 100.0% of volume
[2020.01.20-16.59.36:564][118]LogVolumetricLightmapImport:          1: 33.3% covering 1.6% of volume
[2020.01.20-16.59.36:564][118]LogVolumetricLightmapImport:          2: 33.3% covering 0.0% of volume
[2020.01.20-16.59.36:564][118]LogVolumetricLightmapImport:      Bricks in each level
[2020.01.20-16.59.36:564][118]LogVolumetricLightmapImport:          Terrain 			 3 bricks 	 100.0% (Persistent Level)
[2020.01.20-16.59.36:629][118]LogTexture: Display: Building textures: HQ_Lightmap0_1 (AutoDXT, 128X128)
[2020.01.20-16.59.36:629][118]LogTexture: Display: Building textures: LQ_Lightmap_0_1 (DXT1, 128X128)
[2020.01.20-16.59.36:629][118]LogTexture: Display: Building textures: HQ_Lightmap0_2 (AutoDXT, 64X64)
[2020.01.20-16.59.36:629][118]LogTexture: Display: Building textures: LQ_Lightmap_0_2 (DXT1, 64X64)
[2020.01.20-16.59.36:629][118]LogTexture: Display: Building textures: ShadowMapTexture2D_0 (BGRA8, 64X64)
[2020.01.20-16.59.36:629][118]LogTexture: Display: Building textures: ShadowMapTexture2D_1 (BGRA8, 32X32)
[2020.01.20-16.59.36:629][118]Lightmass on DESKTOP-ADGCM6M: 1.09 sec total, 198 ms importing, 29 ms setup, 81 ms photons, 750 ms processing, 0 ms extra exporting [2/2 mappings]. Threads: 2.99 sec total, 360 ms processing.
[2020.01.20-16.59.36:629][118]LogStaticLightingSystem: Terrain_BuiltData storing lightmap data for 2 meshes in 2 LightmapResourceClusters (1.0 Meshes per cluster).
[2020.01.20-16.59.36:655][118]LogUObjectHash: Compacting FUObjectHashTables data took   0.90ms
[2020.01.20-16.59.36:747][118]LogStaticLightingSystem: Illumination: 13.1 sec (4 ms encoding lightmaps, 31 ms encoding shadowmaps)
[2020.01.20-16.59.36:747][118]LogStaticLightingSystem: Lightmap texture memory:  0.0 MB (0.0 MB streaming, 0.0 MB non-streaming), 4 textures
[2020.01.20-16.59.36:747][118]LogStaticLightingSystem: Shadowmap texture memory: 0.0 MB (0.0 MB streaming, 0.0 MB non-streaming), 2 textures
[2020.01.20-16.59.37:183][118]DumpUnbuiltLightIteractions
[2020.01.20-16.59.37:183][118]Lights with unbuilt interactions: 0
[2020.01.20-16.59.37:183][118]
[2020.01.20-16.59.37:183][118]Primitives with unbuilt interactions: 0
[2020.01.20-16.59.37:285][119]Cmd: MAP CHECK NOTIFYRESULTS
[2020.01.20-16.59.37:285][119]MapCheck: New page: Terrain - Jan 20, 2020, 6:59:37 PM
[2020.01.20-16.59.37:288][119]MapCheck: Map check complete: 0 Error(s), 0 Warning(s), took 2.332ms to complete.
[2020.01.20-16.59.45:743][581]LogUObjectHash: Compacting FUObjectHashTables data took   2.23ms
[2020.01.20-16.59.45:778][581]Cmd: OBJ SAVEPACKAGE PACKAGE="/Game/Terrain/Terrain" FILE="../../../../../../Unreal Project/UE4Project/Content/Terrain/Terrain.umap" SILENT=true AUTOSAVING=false KEEPDIRTY=false
[2020.01.20-16.59.45:799][581]LogUObjectHash: Compacting FUObjectHashTables data took   0.92ms
[2020.01.20-16.59.45:821][581]LogSavePackage: Moving '../../../../../../Unreal Project/UE4Project/Saved/Terrain8AC24B8A4237202420778DB2375E9D17.tmp' to '../../../../../../Unreal Project/UE4Project/Content/Terrain/Terrain.umap'
[2020.01.20-16.59.45:855][581]LogFileHelpers: Saving map 'Terrain' took 0.077
[2020.01.20-16.59.45:856][581]Cmd: OBJ SAVEPACKAGE PACKAGE="/Game/Terrain/Terrain_BuiltData" FILE="../../../../../../Unreal Project/UE4Project/Content/Terrain/Terrain_BuiltData.uasset" SILENT=true
[2020.01.20-16.59.45:866][581]LogSavePackage: Moving '../../../../../../Unreal Project/UE4Project/Saved/Terrain_BuiltData2344C9DB4CCA7809C88BCA955F50881A.tmp' to '../../../../../../Unreal Project/UE4Project/Content/Terrain/Terrain_BuiltData.uasset'
[2020.01.20-16.59.45:887][581]AssetCheck: New page: Asset Save: multiple assets
[2020.01.20-16.59.45:887][581]LogContentValidation: Display: Validating World /Game/Terrain/Terrain.Terrain
[2020.01.20-16.59.45:887][581]LogContentValidation: Display: Validating MapBuildDataRegistry /Game/Terrain/Terrain_BuiltData.Terrain_BuiltData
[2020.01.20-16.59.49:056][760]Cmd: OBJ SAVEPACKAGE PACKAGE="/Game/Terrain/Terrain" FILE="../../../../../../Unreal Project/UE4Project/Content/Terrain/Terrain.umap" SILENT=true AUTOSAVING=false KEEPDIRTY=false
[2020.01.20-16.59.49:092][760]LogUObjectHash: Compacting FUObjectHashTables data took   1.98ms
[2020.01.20-16.59.49:113][760]LogSavePackage: Moving '../../../../../../Unreal Project/UE4Project/Saved/Terrain05F95C5341BA42CC35713E8F7E5FF8FB.tmp' to '../../../../../../Unreal Project/UE4Project/Content/Terrain/Terrain.umap'
[2020.01.20-16.59.49:148][760]Cmd: OBJ SAVEPACKAGE PACKAGE="/Game/Terrain/Terrain_BuiltData" FILE="../../../../../../Unreal Project/UE4Project/Content/Terrain/Terrain_BuiltData.uasset" SILENT=true
[2020.01.20-16.59.49:171][760]LogSavePackage: Moving '../../../../../../Unreal Project/UE4Project/Saved/Terrain_BuiltDataD9DC4551401A28B067F16798DF25057F.tmp' to '../../../../../../Unreal Project/UE4Project/Content/Terrain/Terrain_BuiltData.uasset'
[2020.01.20-16.59.49:186][760]AssetCheck: New page: Asset Save: multiple assets
[2020.01.20-16.59.49:186][760]LogContentValidation: Display: Validating World /Game/Terrain/Terrain.Terrain
[2020.01.20-16.59.49:186][760]LogContentValidation: Display: Validating MapBuildDataRegistry /Game/Terrain/Terrain_BuiltData.Terrain_BuiltData
